{"logTime": "0612/120302", "correlationVector":"acz5WDhsXEkotBtUdmUZvC.1","action":"SyncServerConnectionManagerRequest", "result":"SYNC_SERVER_OK", "context":{"environment":"Prod_southindia_prod-s01-004-apac-southindia", "migrationStage":"NotStarted", "server":"akswtt105000050"}}
{"logTime": "0612/120302", "correlationVector":"acz5WDhsXEkotBtUdmUZvC.2","action":"ProcessGetUpdates", "result":"Done", "context":{"dataType":"Encryption Keys", "deleted":"0", "process_failed_to_decrypt":"0", "process_pending_decryption":"0", "process_success":"1", "total":"1"}}
{"logTime": "0612/120303", "correlationVector":"/cqpQ5Z6DdFgOc/kZcHnXn","action":"SyncServerConnectionManagerRequest", "result":"SYNC_SERVER_OK", "context":{"environment":"", "migrationStage":"", "server":""}}
{"logTime": "0612/120303", "correlationVector":"/cqpQ5Z6DdFgOc/kZcHnXn.0","action":"EncryptionKeysFetcher.DownloadKeys:", "result":"Success", "context":Key count: 8, Last key timestamp: 2026-04-14T06:58:28Z}
{"logTime": "0612/120303", "correlationVector":"/cqpQ5Z6DdFgOc/kZcHnXn.1","action":"EncryptionKeysManager::SetEncryptionKeys:", "result":"Success", "context":Key names[8]:[RETB4DvZzyOeKgjrpw27XhJn3c1ASIPfmvePeLpdLEWZ02oSSto8SnyDTtUjutqA439JXRLEc5oFamy3eRSLTw==][2ovau2o8Q23Q9A3R+/aG5wY6e5G5jXyPu6uTTDOjqZnVvKYcphJWzTg8YGm73hGFOkkNdO4WRPvu80yXFQ34Mg==][Cc9sytgAGDHSH1doVyJTMe/lUipOqMeqbPx39iiGsH/HV6FlRQNrZTHLhHKsQXEnnvGL/VgcJDLdRgpfM3X9dg==][vXtB0mClDXRJ3+5z7tLhU3c6CExuGv/4uv3cCAYILT2xgA7sO0TYI9kfIhVdSYP2mq2qVThpLbaswOive8yvYQ==][5nv6nIzfU8pJHgQA7PCGaUbOCyPuKfL9bYRv4iO/ryIMOiC5HTAxMN17DiFru2IBSFBGiHI5khrZpi3eeMM3fg==][HnUyMQ9GvMoOLVUrVVTQZGhSO/xknTeKFOTlfkAcMmpBd9xPwbQG45ZByK3RxdO4Q7MvWn3i/IPi7wu2FvZw6Q==][HDHa6DxuISarpmSQjLrFDJfhsOgbuLfZUQCGaHUfamYrjjOtaJLGVSFzPiM0sSVPn/kVCBEFmneP+zyW3DYF+w==][vLvGDYJ+BESeyvD5xhwZRIkMhkOPxe9iyaokzbgK/F7TpLSGr025q3GBbXz9GOBYPM5Qa2mkHpboZ876hoY64A==]}
{"logTime": "0612/120303", "correlationVector":"/cqpQ5Z6DdFgOc/kZcHnXn.2","action":"EncryptionKeysManager::SetEncryptionKeysWithTimestamps:", "result":"Success", "context":Key timestamps[8]:[2022-08-05T10:18:19Z][2023-02-23T16:12:00Z][2023-09-24T14:36:11Z][2024-03-26T07:01:53Z][2024-10-02T17:37:38Z][2025-04-04T18:38:56Z][2025-10-06T19:12:45Z][2026-04-14T06:58:28Z]}
{"logTime": "0612/120303", "correlationVector":"acz5WDhsXEkotBtUdmUZvC","action":"Initial GetUpdates", "result":"", "context":Reason: NEW_CLIENT. cV=acz5WDhsXEkotBtUdmUZvC}
{"logTime": "0612/120303", "correlationVector":"acz5WDhsXEkotBtUdmUZvC.3","action":"GetUpdates Response", "result":"Success", "context":Received 1 update(s). cV=acz5WDhsXEkotBtUdmUZvC.0;server=akswtt105000050;cloudType=Consumer;environment=Prod_southindia_prod-s01-004-apac-southindia;migrationStage=NotStarted}
{"logTime": "0612/120303", "correlationVector":"GRKagx2Dq6q+X3LtRSWabY","action":"Initial GetUpdates", "result":"", "context":Reason: NEWLY_SUPPORTED_DATATYPE. cV=GRKagx2Dq6q+X3LtRSWabY}
{"logTime": "0612/120304", "correlationVector":"GRKagx2Dq6q+X3LtRSWabY.1","action":"SyncServerConnectionManagerRequest", "result":"SYNC_SERVER_OK", "context":{"environment":"Prod_southindia_prod-s01-004-apac-southindia", "migrationStage":"NotStarted", "server":"akswtt10500006e"}}
{"logTime": "0612/120304", "correlationVector":"GRKagx2Dq6q+X3LtRSWabY.2","action":"ProcessGetUpdates", "result":"Done", "context":{"dataType":"Preferences", "deleted":"0", "process_failed_to_decrypt":"0", "process_pending_decryption":"0", "process_success":"67", "total":"67"}}
{"logTime": "0612/120304", "correlationVector":"GRKagx2Dq6q+X3LtRSWabY.3","action":"ProcessGetUpdates", "result":"Done", "context":{"dataType":"Passwords", "deleted":"0", "process_failed_to_decrypt":"0", "process_pending_decryption":"0", "process_success":"21", "total":"21"}}
{"logTime": "0612/120304", "correlationVector":"GRKagx2Dq6q+X3LtRSWabY.4","action":"ProcessGetUpdates", "result":"Done", "context":{"dataType":"Device Info", "deleted":"0", "process_failed_to_decrypt":"0", "process_pending_decryption":"0", "process_success":"6", "total":"6"}}
{"logTime": "0612/120304", "correlationVector":"GRKagx2Dq6q+X3LtRSWabY.5","action":"GetUpdates Response", "result":"Success", "context":Received 94 update(s). cV=GRKagx2Dq6q+X3LtRSWabY.0;server=akswtt10500006e;cloudType=Consumer;environment=Prod_southindia_prod-s01-004-apac-southindia;migrationStage=NotStarted}
{"logTime": "0612/120304", "correlationVector":"Mv/xoRvXNfTlvCyzJeHEk1","action":"Initial GetUpdates", "result":"", "context":Reason: NEWLY_SUPPORTED_DATATYPE. cV=Mv/xoRvXNfTlvCyzJeHEk1}
{"logTime": "0612/120305", "correlationVector":"Mv/xoRvXNfTlvCyzJeHEk1.1","action":"SyncServerConnectionManagerRequest", "result":"SYNC_SERVER_OK", "context":{"environment":"Prod_southindia_prod-s01-004-apac-southindia", "migrationStage":"NotStarted", "server":"akswtt10500003w"}}
{"logTime": "0612/120305", "correlationVector":"Mv/xoRvXNfTlvCyzJeHEk1.2","action":"ProcessGetUpdates", "result":"Done", "context":{"dataType":"Autofill Profiles", "deleted":"0", "process_failed_to_decrypt":"0", "process_pending_decryption":"0", "process_success":"7", "total":"7"}}
{"logTime": "0612/120305", "correlationVector":"Mv/xoRvXNfTlvCyzJeHEk1.3","action":"ProcessGetUpdates", "result":"Done", "context":{"dataType":"Autofill", "deleted":"0", "process_failed_to_decrypt":"0", "process_pending_decryption":"0", "process_success":"48", "total":"48"}}
{"logTime": "0612/120305", "correlationVector":"Mv/xoRvXNfTlvCyzJeHEk1.4","action":"ProcessGetUpdates", "result":"Done", "context":{"dataType":"Sessions", "deleted":"17", "process_failed_to_decrypt":"0", "process_pending_decryption":"0", "process_success":"22", "total":"22"}}
{"logTime": "0612/120305", "correlationVector":"Mv/xoRvXNfTlvCyzJeHEk1.5","action":"ProcessGetUpdates", "result":"Done", "context":{"dataType":"Edge Hub App Usage", "deleted":"3", "process_failed_to_decrypt":"0", "process_pending_decryption":"0", "process_success":"8", "total":"8"}}
{"logTime": "0612/120305", "correlationVector":"Mv/xoRvXNfTlvCyzJeHEk1.6","action":"GetUpdates Response", "result":"Success", "context":Received 85 update(s). cV=Mv/xoRvXNfTlvCyzJeHEk1.0;server=akswtt10500003w;cloudType=Consumer;environment=Prod_southindia_prod-s01-004-apac-southindia;migrationStage=NotStarted}
{"logTime": "0612/120305", "correlationVector":"aXUzUzfgIkpHs6OO0XT307","action":"Normal GetUpdate request", "result":"", "context":cV=aXUzUzfgIkpHs6OO0XT307
Nudged types: Sessions, Device Info, History
Refresh requested types: Bookmarks, Preferences, Passwords, Autofill Profiles, Autofill, Extensions, Sessions, Extension settings, History Delete Directives, Device Info, User Consents, Send Tab To Self, Web Apps, History, Saved Tab Group, WebAuthn Credentials, Edge E Drop, Edge Hub App Usage, Edge Wallet, Edge Workspace, Encryption Keys}
{"logTime": "0612/120305", "correlationVector":"aXUzUzfgIkpHs6OO0XT307.1","action":"SyncServerConnectionManagerRequest", "result":"SYNC_SERVER_OK", "context":{"environment":"Prod_southindia_prod-s01-004-apac-southindia", "migrationStage":"NotStarted", "server":"akswtt10500005y"}}
{"logTime": "0612/120305", "correlationVector":"aXUzUzfgIkpHs6OO0XT307.2","action":"ProcessGetUpdates", "result":"Done", "context":{"dataType":"History", "deleted":"0", "process_failed_to_decrypt":"0", "process_pending_decryption":"0", "process_success":"1", "total":"1"}}
{"logTime": "0612/120305", "correlationVector":"aXUzUzfgIkpHs6OO0XT307.3","action":"GetUpdates Response", "result":"Success", "context":Received 1 update(s). cV=aXUzUzfgIkpHs6OO0XT307.0;server=akswtt10500005y;cloudType=Consumer;environment=Prod_southindia_prod-s01-004-apac-southindia;migrationStage=NotStarted}
{"logTime": "0612/120305", "correlationVector":"UpNTLFR+0GelqcSscIAReb","action":"Commit Request", "result":"", "context":Item count: 4
Contributing types: Sessions, Device Info, History}
{"logTime": "0612/120306", "correlationVector":"UpNTLFR+0GelqcSscIAReb.1","action":"SyncServerConnectionManagerRequest", "result":"SYNC_SERVER_OK", "context":{"environment":"Prod_southindia_prod-s01-004-apac-southindia", "migrationStage":"NotStarted", "server":"akswtt10500003t"}}
{"logTime": "0612/120306", "correlationVector":"UpNTLFR+0GelqcSscIAReb.2","action":"Commit Response", "result":"Success", "context":Result: Success. cV=UpNTLFR+0GelqcSscIAReb.0;server=akswtt10500003t;cloudType=Consumer;environment=Prod_southindia_prod-s01-004-apac-southindia;migrationStage=NotStarted}
{"logTime": "0612/120315", "correlationVector":"wJYfkvV0elVmG6Tx1lA5YX","action":"Commit Request", "result":"", "context":Item count: 18
Contributing types: Preferences, Passwords, Sessions, History}
{"logTime": "0612/120316", "correlationVector":"wJYfkvV0elVmG6Tx1lA5YX.1","action":"SyncServerConnectionManagerRequest", "result":"SYNC_SERVER_OK", "context":{"environment":"Prod_southindia_prod-s01-004-apac-southindia", "migrationStage":"NotStarted", "server":"akswtt105000052"}}
{"logTime": "0612/120316", "correlationVector":"wJYfkvV0elVmG6Tx1lA5YX.2","action":"Commit Response", "result":"Success", "context":Result: Success. cV=wJYfkvV0elVmG6Tx1lA5YX.0;server=akswtt105000052;cloudType=Consumer;environment=Prod_southindia_prod-s01-004-apac-southindia;migrationStage=NotStarted}
{"logTime": "0612/120354", "correlationVector":"GczKbJ6AMYV48PkWsy0u68","action":"Commit Request", "result":"", "context":Item count: 3
Contributing types: Autofill Profiles, Sessions, History}
{"logTime": "0612/120355", "correlationVector":"GczKbJ6AMYV48PkWsy0u68.1","action":"SyncServerConnectionManagerRequest", "result":"SYNC_SERVER_OK", "context":{"environment":"Prod_southindia_prod-s01-004-apac-southindia", "migrationStage":"NotStarted", "server":"akswtt10500005o"}}
{"logTime": "0612/120355", "correlationVector":"GczKbJ6AMYV48PkWsy0u68.2","action":"Commit Response", "result":"Success", "context":Result: Success. cV=GczKbJ6AMYV48PkWsy0u68.0;server=akswtt10500005o;cloudType=Consumer;environment=Prod_southindia_prod-s01-004-apac-southindia;migrationStage=NotStarted}
{"logTime": "0612/120529", "correlationVector":"OHTlu1ZrRtuvqO3dUPe+5Y","action":"Commit Request", "result":"", "context":Item count: 1
Contributing types: Sessions}
{"logTime": "0612/120530", "correlationVector":"OHTlu1ZrRtuvqO3dUPe+5Y.1","action":"SyncServerConnectionManagerRequest", "result":"SYNC_SERVER_OK", "context":{"environment":"Prod_southindia_prod-s01-004-apac-southindia", "migrationStage":"NotStarted", "server":"akswtt105000052"}}
{"logTime": "0612/120530", "correlationVector":"OHTlu1ZrRtuvqO3dUPe+5Y.2","action":"Commit Response", "result":"Success", "context":Result: Success. cV=OHTlu1ZrRtuvqO3dUPe+5Y.0;server=akswtt105000052;cloudType=Consumer;environment=Prod_southindia_prod-s01-004-apac-southindia;migrationStage=NotStarted}
{"logTime": "0612/120630", "correlationVector":"vo+DA9FeAJ2TB/vvQxTWuu","action":"Commit Request", "result":"", "context":Item count: 1
Contributing types: Autofill Profiles}
{"logTime": "0612/120631", "correlationVector":"vo+DA9FeAJ2TB/vvQxTWuu.1","action":"SyncServerConnectionManagerRequest", "result":"SYNC_SERVER_OK", "context":{"environment":"Prod_southindia_prod-s01-004-apac-southindia", "migrationStage":"NotStarted", "server":"akswtt105000040"}}
{"logTime": "0612/120631", "correlationVector":"vo+DA9FeAJ2TB/vvQxTWuu.2","action":"Commit Response", "result":"Success", "context":Result: Success. cV=vo+DA9FeAJ2TB/vvQxTWuu.0;server=akswtt105000040;cloudType=Consumer;environment=Prod_southindia_prod-s01-004-apac-southindia;migrationStage=NotStarted}
{"logTime": "0612/121100", "correlationVector":"yyxraH5nPHtFo8ZvVuj/0T","action":"Commit Request", "result":"", "context":Item count: 4
Contributing types: Autofill Profiles, Sessions, History}
{"logTime": "0612/121101", "correlationVector":"yyxraH5nPHtFo8ZvVuj/0T.1","action":"SyncServerConnectionManagerRequest", "result":"SYNC_SERVER_OK", "context":{"environment":"Prod_southindia_prod-s01-004-apac-southindia", "migrationStage":"NotStarted", "server":"akswtt10500005c"}}
{"logTime": "0612/121101", "correlationVector":"yyxraH5nPHtFo8ZvVuj/0T.2","action":"Commit Response", "result":"Success", "context":Result: Success. cV=yyxraH5nPHtFo8ZvVuj/0T.0;server=akswtt10500005c;cloudType=Consumer;environment=Prod_southindia_prod-s01-004-apac-southindia;migrationStage=NotStarted}
{"logTime": "0612/121802", "correlationVector":"6HPwWs74OOoCkYZQzwDTV2","action":"Commit Request", "result":"", "context":Item count: 1
Contributing types: Sessions}
{"logTime": "0612/121803", "correlationVector":"6HPwWs74OOoCkYZQzwDTV2.1","action":"SyncServerConnectionManagerRequest", "result":"SYNC_SERVER_OK", "context":{"environment":"Prod_southindia_prod-s01-004-apac-southindia", "migrationStage":"NotStarted", "server":"akswtt10500005p"}}
{"logTime": "0612/121803", "correlationVector":"6HPwWs74OOoCkYZQzwDTV2.2","action":"Commit Response", "result":"Success", "context":Result: Success. cV=6HPwWs74OOoCkYZQzwDTV2.0;server=akswtt10500005p;cloudType=Consumer;environment=Prod_southindia_prod-s01-004-apac-southindia;migrationStage=NotStarted}
{"logTime": "0612/122151", "correlationVector":"l/mp/QfaBZ8+0t4clqn2Ss","action":"Commit Request", "result":"", "context":Item count: 1
Contributing types: Autofill Profiles}
{"logTime": "0612/122152", "correlationVector":"l/mp/QfaBZ8+0t4clqn2Ss.1","action":"SyncServerConnectionManagerRequest", "result":"SYNC_SERVER_OK", "context":{"environment":"Prod_southeastasia_prod-s01-065-apac-southeastasia", "migrationStage":"NotStarted", "server":"akswtt00100002b"}}
{"logTime": "0612/122152", "correlationVector":"l/mp/QfaBZ8+0t4clqn2Ss.2","action":"Commit Response", "result":"Success", "context":Result: Success. cV=l/mp/QfaBZ8+0t4clqn2Ss.0;server=akswtt00100002b;cloudType=Consumer;environment=Prod_southeastasia_prod-s01-065-apac-southeastasia;migrationStage=NotStarted}
{"logTime": "0612/122930", "correlationVector":"fM0CIkxRusHNfaHe9mcaCw","action":"Commit Request", "result":"", "context":Item count: 1
Contributing types: Sessions}
{"logTime": "0612/122931", "correlationVector":"fM0CIkxRusHNfaHe9mcaCw.1","action":"SyncServerConnectionManagerRequest", "result":"SYNC_SERVER_OK", "context":{"environment":"Prod_southindia_prod-s01-004-apac-southindia", "migrationStage":"NotStarted", "server":"akswtt105000040"}}
{"logTime": "0612/122931", "correlationVector":"fM0CIkxRusHNfaHe9mcaCw.2","action":"Commit Response", "result":"Success", "context":Result: Success. cV=fM0CIkxRusHNfaHe9mcaCw.0;server=akswtt105000040;cloudType=Consumer;environment=Prod_southindia_prod-s01-004-apac-southindia;migrationStage=NotStarted}
{"logTime": "0612/123557", "correlationVector":"MaP6eqbc/VphCGGN+TE5YX","action":"Commit Request", "result":"", "context":Item count: 4
Contributing types: Sessions, History}
{"logTime": "0612/123558", "correlationVector":"MaP6eqbc/VphCGGN+TE5YX.1","action":"SyncServerConnectionManagerRequest", "result":"SYNC_SERVER_OK", "context":{"environment":"Prod_southindia_prod-s01-004-apac-southindia", "migrationStage":"NotStarted", "server":"akswtt10500004y"}}
{"logTime": "0612/123558", "correlationVector":"MaP6eqbc/VphCGGN+TE5YX.2","action":"Commit Response", "result":"Success", "context":Result: Success. cV=MaP6eqbc/VphCGGN+TE5YX.0;server=akswtt10500004y;cloudType=Consumer;environment=Prod_southindia_prod-s01-004-apac-southindia;migrationStage=NotStarted}
{"logTime": "0612/123738", "correlationVector":"3wRCkLvxMTm6XFH4xux/hT","action":"Commit Request", "result":"", "context":Item count: 7
Contributing types: Autofill Profiles, Sessions, History}
{"logTime": "0612/123740", "correlationVector":"3wRCkLvxMTm6XFH4xux/hT.1","action":"SyncServerConnectionManagerRequest", "result":"SYNC_SERVER_OK", "context":{"environment":"Prod_southindia_prod-s01-004-apac-southindia", "migrationStage":"NotStarted", "server":"akswtt10500005u"}}
{"logTime": "0612/123740", "correlationVector":"3wRCkLvxMTm6XFH4xux/hT.2","action":"Commit Response", "result":"Success", "context":Result: Success. cV=3wRCkLvxMTm6XFH4xux/hT.0;server=akswtt10500005u;cloudType=Consumer;environment=Prod_southindia_prod-s01-004-apac-southindia;migrationStage=NotStarted}
{"logTime": "0612/123840", "correlationVector":"nW7q9IbLW/FyB/IWDLbUPD","action":"Commit Request", "result":"", "context":Item count: 1
Contributing types: History}
{"logTime": "0612/123842", "correlationVector":"nW7q9IbLW/FyB/IWDLbUPD.1","action":"SyncServerConnectionManagerRequest", "result":"SYNC_SERVER_OK", "context":{"environment":"Prod_southindia_prod-s01-004-apac-southindia", "migrationStage":"NotStarted", "server":"akswtt10500003g"}}
{"logTime": "0612/123842", "correlationVector":"nW7q9IbLW/FyB/IWDLbUPD.2","action":"Commit Response", "result":"Success", "context":Result: Success. cV=nW7q9IbLW/FyB/IWDLbUPD.0;server=akswtt10500003g;cloudType=Consumer;environment=Prod_southindia_prod-s01-004-apac-southindia;migrationStage=NotStarted}
{"logTime": "0612/124123", "correlationVector":"w23hac8CZTJXw000TCVMMR","action":"Commit Request", "result":"", "context":Item count: 2
Contributing types: Autofill Profiles, Sessions}
{"logTime": "0612/124124", "correlationVector":"w23hac8CZTJXw000TCVMMR.1","action":"SyncServerConnectionManagerRequest", "result":"SYNC_AUTH_ERROR", "context":{"environment":"Prod_southindia_prod-s01-004-apac-southindia", "migrationStage":"NotStarted", "server":"akswtt10500003p"}}
{"logTime": "0612/124124", "correlationVector":"w23hac8CZTJXw000TCVMMR.2","action":"Commit Response", "result":"HTTP error (401)", "context":Result: HTTP error (401). cV=w23hac8CZTJXw000TCVMMR.0;server=akswtt10500003p;cloudType=Undetermined;environment=Prod_southindia_prod-s01-004-apac-southindia;migrationStage=NotStarted}
{"logTime": "0612/124126", "correlationVector":"zM+i6/fL/m95nTnQl+HNUk","action":"Commit Request", "result":"", "context":Item count: 2
Contributing types: Autofill Profiles, Sessions}
{"logTime": "0612/124127", "correlationVector":"zM+i6/fL/m95nTnQl+HNUk.1","action":"SyncServerConnectionManagerRequest", "result":"SYNC_SERVER_OK", "context":{"environment":"Prod_southindia_prod-s01-004-apac-southindia", "migrationStage":"NotStarted", "server":"akswtt10500003p"}}
{"logTime": "0612/124127", "correlationVector":"zM+i6/fL/m95nTnQl+HNUk.2","action":"Commit Response", "result":"Success", "context":Result: Success. cV=zM+i6/fL/m95nTnQl+HNUk.0;server=akswtt10500003p;cloudType=Consumer;environment=Prod_southindia_prod-s01-004-apac-southindia;migrationStage=NotStarted}
{"logTime": "0612/124514", "correlationVector":"bpwLcezJuEJJCCpZHAL5kW","action":"Commit Request", "result":"", "context":Item count: 3
Contributing types: Sessions, History}
{"logTime": "0612/124515", "correlationVector":"bpwLcezJuEJJCCpZHAL5kW.1","action":"SyncServerConnectionManagerRequest", "result":"SYNC_SERVER_OK", "context":{"environment":"Prod_southindia_prod-s01-004-apac-southindia", "migrationStage":"NotStarted", "server":"akswtt10500005q"}}
{"logTime": "0612/124515", "correlationVector":"bpwLcezJuEJJCCpZHAL5kW.2","action":"Commit Response", "result":"Success", "context":Result: Success. cV=bpwLcezJuEJJCCpZHAL5kW.0;server=akswtt10500005q;cloudType=Consumer;environment=Prod_southindia_prod-s01-004-apac-southindia;migrationStage=NotStarted}
{"logTime": "0612/125246", "correlationVector":"abuiGL0WdNhDUMmdkOOKre","action":"Commit Request", "result":"", "context":Item count: 1
Contributing types: Sessions}
{"logTime": "0612/125247", "correlationVector":"abuiGL0WdNhDUMmdkOOKre.1","action":"SyncServerConnectionManagerRequest", "result":"SYNC_SERVER_OK", "context":{"environment":"Prod_southindia_prod-s01-004-apac-southindia", "migrationStage":"NotStarted", "server":"akswtt10500005m"}}
{"logTime": "0612/125247", "correlationVector":"abuiGL0WdNhDUMmdkOOKre.2","action":"Commit Response", "result":"Success", "context":Result: Success. cV=abuiGL0WdNhDUMmdkOOKre.0;server=akswtt10500005m;cloudType=Consumer;environment=Prod_southindia_prod-s01-004-apac-southindia;migrationStage=NotStarted}
{"logTime": "0612/125430", "correlationVector":"KN1qNC7MUzwYiNS7+/G2B+","action":"Commit Request", "result":"", "context":Item count: 4
Contributing types: Autofill Profiles, Sessions, History}
{"logTime": "0612/125432", "correlationVector":"KN1qNC7MUzwYiNS7+/G2B+.1","action":"SyncServerConnectionManagerRequest", "result":"SYNC_SERVER_OK", "context":{"environment":"Prod_southindia_prod-s01-004-apac-southindia", "migrationStage":"NotStarted", "server":"akswtt105000044"}}
{"logTime": "0612/125432", "correlationVector":"KN1qNC7MUzwYiNS7+/G2B+.2","action":"Commit Response", "result":"Success", "context":Result: Success. cV=KN1qNC7MUzwYiNS7+/G2B+.0;server=akswtt105000044;cloudType=Consumer;environment=Prod_southindia_prod-s01-004-apac-southindia;migrationStage=NotStarted}
{"logTime": "0612/130303", "correlationVector":"Jfulx1OtuanJ4vVHZR1QGU","action":"Commit Request", "result":"", "context":Item count: 1
Contributing types: Sessions}
{"logTime": "0612/130304", "correlationVector":"Jfulx1OtuanJ4vVHZR1QGU.1","action":"SyncServerConnectionManagerRequest", "result":"SYNC_SERVER_OK", "context":{"environment":"Prod_southindia_prod-s01-004-apac-southindia", "migrationStage":"NotStarted", "server":"akswtt10500006m"}}
{"logTime": "0612/130304", "correlationVector":"Jfulx1OtuanJ4vVHZR1QGU.2","action":"Commit Response", "result":"Success", "context":Result: Success. cV=Jfulx1OtuanJ4vVHZR1QGU.0;server=akswtt10500006m;cloudType=Consumer;environment=Prod_southindia_prod-s01-004-apac-southindia;migrationStage=NotStarted}
{"logTime": "0612/130540", "correlationVector":"yrbEFQe7ywuHOtumfFioV9","action":"Commit Request", "result":"", "context":Item count: 4
Contributing types: Sessions, History}
{"logTime": "0612/130541", "correlationVector":"yrbEFQe7ywuHOtumfFioV9.1","action":"SyncServerConnectionManagerRequest", "result":"SYNC_SERVER_OK", "context":{"environment":"Prod_southindia_prod-s01-004-apac-southindia", "migrationStage":"NotStarted", "server":"akswtt105000059"}}
{"logTime": "0612/130541", "correlationVector":"yrbEFQe7ywuHOtumfFioV9.2","action":"Commit Response", "result":"Success", "context":Result: Success. cV=yrbEFQe7ywuHOtumfFioV9.0;server=akswtt105000059;cloudType=Consumer;environment=Prod_southindia_prod-s01-004-apac-southindia;migrationStage=NotStarted}
{"logTime": "0612/131314", "correlationVector":"r+hZJBr18iXt9R8Upz/C+2","action":"Commit Request", "result":"", "context":Item count: 2
Contributing types: Autofill Profiles, Sessions}
{"logTime": "0612/131315", "correlationVector":"r+hZJBr18iXt9R8Upz/C+2.1","action":"SyncServerConnectionManagerRequest", "result":"SYNC_SERVER_OK", "context":{"environment":"Prod_southindia_prod-s01-004-apac-southindia", "migrationStage":"NotStarted", "server":"akswtt10500005p"}}
{"logTime": "0612/131315", "correlationVector":"r+hZJBr18iXt9R8Upz/C+2.2","action":"Commit Response", "result":"Success", "context":Result: Success. cV=r+hZJBr18iXt9R8Upz/C+2.0;server=akswtt10500005p;cloudType=Consumer;environment=Prod_southindia_prod-s01-004-apac-southindia;migrationStage=NotStarted}
{"logTime": "0612/131710", "correlationVector":"hOeMWyCvnYB7cCdQ265QkR.1","action":"SyncServerConnectionManagerRequest", "result":"SYNC_SERVER_OK", "context":{"environment":"Prod_southindia_prod-s01-004-apac-southindia", "migrationStage":"NotStarted", "server":"akswtt10500005y"}}
{"logTime": "0612/131710", "correlationVector":"hOeMWyCvnYB7cCdQ265QkR.2","action":"ProcessGetUpdates", "result":"Done", "context":{"dataType":"Encryption Keys", "deleted":"0", "process_failed_to_decrypt":"0", "process_pending_decryption":"0", "process_success":"1", "total":"1"}}
{"logTime": "0612/131712", "correlationVector":"G6r4qqaSoPSWNReL0tQzG4","action":"SyncServerConnectionManagerRequest", "result":"SYNC_SERVER_OK", "context":{"environment":"", "migrationStage":"", "server":""}}
{"logTime": "0612/131712", "correlationVector":"G6r4qqaSoPSWNReL0tQzG4.0","action":"EncryptionKeysFetcher.DownloadKeys:", "result":"Success", "context":Key count: 8, Last key timestamp: 2026-04-14T06:58:28Z}
{"logTime": "0612/131712", "correlationVector":"G6r4qqaSoPSWNReL0tQzG4.1","action":"EncryptionKeysManager::SetEncryptionKeys:", "result":"Success", "context":Key names[8]:[RETB4DvZzyOeKgjrpw27XhJn3c1ASIPfmvePeLpdLEWZ02oSSto8SnyDTtUjutqA439JXRLEc5oFamy3eRSLTw==][2ovau2o8Q23Q9A3R+/aG5wY6e5G5jXyPu6uTTDOjqZnVvKYcphJWzTg8YGm73hGFOkkNdO4WRPvu80yXFQ34Mg==][Cc9sytgAGDHSH1doVyJTMe/lUipOqMeqbPx39iiGsH/HV6FlRQNrZTHLhHKsQXEnnvGL/VgcJDLdRgpfM3X9dg==][vXtB0mClDXRJ3+5z7tLhU3c6CExuGv/4uv3cCAYILT2xgA7sO0TYI9kfIhVdSYP2mq2qVThpLbaswOive8yvYQ==][5nv6nIzfU8pJHgQA7PCGaUbOCyPuKfL9bYRv4iO/ryIMOiC5HTAxMN17DiFru2IBSFBGiHI5khrZpi3eeMM3fg==][HnUyMQ9GvMoOLVUrVVTQZGhSO/xknTeKFOTlfkAcMmpBd9xPwbQG45ZByK3RxdO4Q7MvWn3i/IPi7wu2FvZw6Q==][HDHa6DxuISarpmSQjLrFDJfhsOgbuLfZUQCGaHUfamYrjjOtaJLGVSFzPiM0sSVPn/kVCBEFmneP+zyW3DYF+w==][vLvGDYJ+BESeyvD5xhwZRIkMhkOPxe9iyaokzbgK/F7TpLSGr025q3GBbXz9GOBYPM5Qa2mkHpboZ876hoY64A==]}
{"logTime": "0612/131712", "correlationVector":"G6r4qqaSoPSWNReL0tQzG4.2","action":"EncryptionKeysManager::SetEncryptionKeysWithTimestamps:", "result":"Success", "context":Key timestamps[8]:[2022-08-05T10:18:19Z][2023-02-23T16:12:00Z][2023-09-24T14:36:11Z][2024-03-26T07:01:53Z][2024-10-02T17:37:38Z][2025-04-04T18:38:56Z][2025-10-06T19:12:45Z][2026-04-14T06:58:28Z]}
{"logTime": "0612/131712", "correlationVector":"hOeMWyCvnYB7cCdQ265QkR","action":"Initial GetUpdates", "result":"", "context":Reason: NEW_CLIENT. cV=hOeMWyCvnYB7cCdQ265QkR}
{"logTime": "0612/131712", "correlationVector":"hOeMWyCvnYB7cCdQ265QkR.3","action":"GetUpdates Response", "result":"Success", "context":Received 1 update(s). cV=hOeMWyCvnYB7cCdQ265QkR.0;server=akswtt10500005y;cloudType=Consumer;environment=Prod_southindia_prod-s01-004-apac-southindia;migrationStage=NotStarted}
{"logTime": "0612/131712", "correlationVector":"0mxDkePY8NyDtn4/Yf01+g","action":"Initial GetUpdates", "result":"", "context":Reason: NEWLY_SUPPORTED_DATATYPE. cV=0mxDkePY8NyDtn4/Yf01+g}
{"logTime": "0612/131713", "correlationVector":"0mxDkePY8NyDtn4/Yf01+g.1","action":"SyncServerConnectionManagerRequest", "result":"SYNC_SERVER_OK", "context":{"environment":"Prod_southindia_prod-s01-004-apac-southindia", "migrationStage":"NotStarted", "server":"akswtt10500005n"}}
{"logTime": "0612/131713", "correlationVector":"0mxDkePY8NyDtn4/Yf01+g.2","action":"ProcessGetUpdates", "result":"Done", "context":{"dataType":"Preferences", "deleted":"0", "process_failed_to_decrypt":"0", "process_pending_decryption":"0", "process_success":"67", "total":"67"}}
{"logTime": "0612/131713", "correlationVector":"0mxDkePY8NyDtn4/Yf01+g.3","action":"ProcessGetUpdates", "result":"Done", "context":{"dataType":"Passwords", "deleted":"0", "process_failed_to_decrypt":"0", "process_pending_decryption":"0", "process_success":"21", "total":"21"}}
{"logTime": "0612/131713", "correlationVector":"0mxDkePY8NyDtn4/Yf01+g.4","action":"ProcessGetUpdates", "result":"Done", "context":{"dataType":"Device Info", "deleted":"0", "process_failed_to_decrypt":"0", "process_pending_decryption":"0", "process_success":"6", "total":"6"}}
{"logTime": "0612/131713", "correlationVector":"0mxDkePY8NyDtn4/Yf01+g.5","action":"GetUpdates Response", "result":"Success", "context":Received 94 update(s). cV=0mxDkePY8NyDtn4/Yf01+g.0;server=akswtt10500005n;cloudType=Consumer;environment=Prod_southindia_prod-s01-004-apac-southindia;migrationStage=NotStarted}
{"logTime": "0612/131713", "correlationVector":"oPmL0D/UlnhoUk85kKYAhl","action":"Initial GetUpdates", "result":"", "context":Reason: NEWLY_SUPPORTED_DATATYPE. cV=oPmL0D/UlnhoUk85kKYAhl}
{"logTime": "0612/131714", "correlationVector":"oPmL0D/UlnhoUk85kKYAhl.1","action":"SyncServerConnectionManagerRequest", "result":"SYNC_SERVER_OK", "context":{"environment":"Prod_southindia_prod-s01-004-apac-southindia", "migrationStage":"NotStarted", "server":"akswtt10500005w"}}
{"logTime": "0612/131714", "correlationVector":"oPmL0D/UlnhoUk85kKYAhl.2","action":"ProcessGetUpdates", "result":"Done", "context":{"dataType":"Bookmarks", "deleted":"0", "process_failed_to_decrypt":"0", "process_pending_decryption":"0", "process_success":"6", "total":"6"}}
{"logTime": "0612/131714", "correlationVector":"oPmL0D/UlnhoUk85kKYAhl.3","action":"GetUpdates Response", "result":"Success", "context":Received 6 update(s). cV=oPmL0D/UlnhoUk85kKYAhl.0;server=akswtt10500005w;cloudType=Consumer;environment=Prod_southindia_prod-s01-004-apac-southindia;migrationStage=NotStarted}
{"logTime": "0612/131714", "correlationVector":"CjyyVEfdu3BAdndtLiam4r","action":"Initial GetUpdates", "result":"", "context":Reason: NEWLY_SUPPORTED_DATATYPE. cV=CjyyVEfdu3BAdndtLiam4r}
{"logTime": "0612/131714", "correlationVector":"CjyyVEfdu3BAdndtLiam4r.1","action":"SyncServerConnectionManagerRequest", "result":"SYNC_SERVER_OK", "context":{"environment":"Prod_southindia_prod-s01-004-apac-southindia", "migrationStage":"NotStarted", "server":"akswtt105000057"}}
{"logTime": "0612/131714", "correlationVector":"CjyyVEfdu3BAdndtLiam4r.2","action":"ProcessGetUpdates", "result":"Done", "context":{"dataType":"Autofill Profiles", "deleted":"0", "process_failed_to_decrypt":"0", "process_pending_decryption":"0", "process_success":"7", "total":"7"}}
{"logTime": "0612/131714", "correlationVector":"CjyyVEfdu3BAdndtLiam4r.3","action":"ProcessGetUpdates", "result":"Done", "context":{"dataType":"Autofill", "deleted":"0", "process_failed_to_decrypt":"0", "process_pending_decryption":"0", "process_success":"48", "total":"48"}}
{"logTime": "0612/131714", "correlationVector":"CjyyVEfdu3BAdndtLiam4r.4","action":"ProcessGetUpdates", "result":"Done", "context":{"dataType":"Sessions", "deleted":"17", "process_failed_to_decrypt":"0", "process_pending_decryption":"0", "process_success":"22", "total":"22"}}
{"logTime": "0612/131714", "correlationVector":"CjyyVEfdu3BAdndtLiam4r.5","action":"ProcessGetUpdates", "result":"Done", "context":{"dataType":"Edge Hub App Usage", "deleted":"3", "process_failed_to_decrypt":"0", "process_pending_decryption":"0", "process_success":"8", "total":"8"}}
{"logTime": "0612/131714", "correlationVector":"CjyyVEfdu3BAdndtLiam4r.6","action":"GetUpdates Response", "result":"Success", "context":Received 85 update(s). cV=CjyyVEfdu3BAdndtLiam4r.0;server=akswtt105000057;cloudType=Consumer;environment=Prod_southindia_prod-s01-004-apac-southindia;migrationStage=NotStarted}
{"logTime": "0612/131714", "correlationVector":"tiOHXgXF6aJt80Zvv2oHHw","action":"Initial GetUpdates", "result":"", "context":Reason: NEWLY_SUPPORTED_DATATYPE. cV=tiOHXgXF6aJt80Zvv2oHHw}
{"logTime": "0612/131715", "correlationVector":"tiOHXgXF6aJt80Zvv2oHHw.1","action":"SyncServerConnectionManagerRequest", "result":"SYNC_SERVER_OK", "context":{"environment":"Prod_southindia_prod-s01-004-apac-southindia", "migrationStage":"NotStarted", "server":"akswtt10500003h"}}
{"logTime": "0612/131715", "correlationVector":"tiOHXgXF6aJt80Zvv2oHHw.2","action":"ProcessGetUpdates", "result":"Done", "context":{"dataType":"History", "deleted":"0", "process_failed_to_decrypt":"0", "process_pending_decryption":"0", "process_success":"44", "total":"44"}}
{"logTime": "0612/131715", "correlationVector":"tiOHXgXF6aJt80Zvv2oHHw.3","action":"GetUpdates Response", "result":"Success", "context":Received 44 update(s). cV=tiOHXgXF6aJt80Zvv2oHHw.0;server=akswtt10500003h;cloudType=Consumer;environment=Prod_southindia_prod-s01-004-apac-southindia;migrationStage=NotStarted}
{"logTime": "0612/131715", "correlationVector":"y+I635XwhcEXgrRrlUIDME","action":"Normal GetUpdate request", "result":"", "context":cV=y+I635XwhcEXgrRrlUIDME
Nudged types: Sessions, Device Info
Refresh requested types: Bookmarks, Preferences, Passwords, Autofill Profiles, Autofill, Extensions, Sessions, Extension settings, History Delete Directives, Device Info, User Consents, Send Tab To Self, Web Apps, History, Saved Tab Group, WebAuthn Credentials, Edge E Drop, Edge Hub App Usage, Edge Wallet, Edge Workspace, Encryption Keys}
{"logTime": "0612/131715", "correlationVector":"y+I635XwhcEXgrRrlUIDME.1","action":"SyncServerConnectionManagerRequest", "result":"SYNC_SERVER_OK", "context":{"environment":"Prod_southindia_prod-s01-004-apac-southindia", "migrationStage":"NotStarted", "server":"akswtt10500006p"}}
{"logTime": "0612/131715", "correlationVector":"y+I635XwhcEXgrRrlUIDME.2","action":"GetUpdates Response", "result":"Success", "context":Received 0 update(s). cV=y+I635XwhcEXgrRrlUIDME.0;server=akswtt10500006p;cloudType=Consumer;environment=Prod_southindia_prod-s01-004-apac-southindia;migrationStage=NotStarted}
{"logTime": "0612/131715", "correlationVector":"AbLz9bUyq7wfm1XPQaFlst","action":"Commit Request", "result":"", "context":Item count: 3
Contributing types: Sessions, Device Info}
{"logTime": "0612/131716", "correlationVector":"AbLz9bUyq7wfm1XPQaFlst.1","action":"SyncServerConnectionManagerRequest", "result":"SYNC_SERVER_OK", "context":{"environment":"Prod_southindia_prod-s01-004-apac-southindia", "migrationStage":"NotStarted", "server":"akswtt10500005p"}}
{"logTime": "0612/131716", "correlationVector":"AbLz9bUyq7wfm1XPQaFlst.2","action":"Commit Response", "result":"Success", "context":Result: Success. cV=AbLz9bUyq7wfm1XPQaFlst.0;server=akswtt10500005p;cloudType=Consumer;environment=Prod_southindia_prod-s01-004-apac-southindia;migrationStage=NotStarted}
{"logTime": "0612/131721", "correlationVector":"Mb+75B5OlcPEa0WD/Ml9X9","action":"Commit Request", "result":"", "context":Item count: 18
Contributing types: Preferences, Passwords, Sessions, History}
{"logTime": "0612/131722", "correlationVector":"Mb+75B5OlcPEa0WD/Ml9X9.1","action":"SyncServerConnectionManagerRequest", "result":"SYNC_SERVER_OK", "context":{"environment":"Prod_southindia_prod-s01-004-apac-southindia", "migrationStage":"NotStarted", "server":"akswtt105000057"}}
{"logTime": "0612/131722", "correlationVector":"Mb+75B5OlcPEa0WD/Ml9X9.2","action":"Commit Response", "result":"Success", "context":Result: Success. cV=Mb+75B5OlcPEa0WD/Ml9X9.0;server=akswtt105000057;cloudType=Consumer;environment=Prod_southindia_prod-s01-004-apac-southindia;migrationStage=NotStarted}
{"logTime": "0612/131741", "correlationVector":"3p1CId+z2r0ksTbAIG4H9p","action":"Commit Request", "result":"", "context":Item count: 3
Contributing types: Autofill Profiles, Sessions, History}
{"logTime": "0612/131742", "correlationVector":"3p1CId+z2r0ksTbAIG4H9p.1","action":"SyncServerConnectionManagerRequest", "result":"SYNC_SERVER_OK", "context":{"environment":"Prod_southindia_prod-s01-004-apac-southindia", "migrationStage":"NotStarted", "server":"akswtt10500006e"}}
{"logTime": "0612/131742", "correlationVector":"3p1CId+z2r0ksTbAIG4H9p.2","action":"Commit Response", "result":"Success", "context":Result: Success. cV=3p1CId+z2r0ksTbAIG4H9p.0;server=akswtt10500006e;cloudType=Consumer;environment=Prod_southindia_prod-s01-004-apac-southindia;migrationStage=NotStarted}
{"logTime": "0612/131900", "correlationVector":"VEMQswDXHhN3h/U9vHujzr","action":"Commit Request", "result":"", "context":Item count: 4
Contributing types: Autofill Profiles, Sessions, History}
{"logTime": "0612/131901", "correlationVector":"VEMQswDXHhN3h/U9vHujzr.1","action":"SyncServerConnectionManagerRequest", "result":"SYNC_SERVER_OK", "context":{"environment":"Prod_southindia_prod-s01-004-apac-southindia", "migrationStage":"NotStarted", "server":"akswtt105000050"}}
{"logTime": "0612/131901", "correlationVector":"VEMQswDXHhN3h/U9vHujzr.2","action":"Commit Response", "result":"Success", "context":Result: Success. cV=VEMQswDXHhN3h/U9vHujzr.0;server=akswtt105000050;cloudType=Consumer;environment=Prod_southindia_prod-s01-004-apac-southindia;migrationStage=NotStarted}
{"logTime": "0612/131943", "correlationVector":"VEUe0bSXoG5lC/LeHuA6l1","action":"Commit Request", "result":"", "context":Item count: 3
Contributing types: Autofill Profiles, Sessions, History}
{"logTime": "0612/131944", "correlationVector":"VEUe0bSXoG5lC/LeHuA6l1.1","action":"SyncServerConnectionManagerRequest", "result":"SYNC_SERVER_OK", "context":{"environment":"Prod_southindia_prod-s01-004-apac-southindia", "migrationStage":"NotStarted", "server":"akswtt105000050"}}
{"logTime": "0612/131944", "correlationVector":"VEUe0bSXoG5lC/LeHuA6l1.2","action":"Commit Response", "result":"Success", "context":Result: Success. cV=VEUe0bSXoG5lC/LeHuA6l1.0;server=akswtt105000050;cloudType=Consumer;environment=Prod_southindia_prod-s01-004-apac-southindia;migrationStage=NotStarted}
{"logTime": "0612/132154", "correlationVector":"OKP7Db9ZrNOCuzGPpYKMXL","action":"Commit Request", "result":"", "context":Item count: 1
Contributing types: Autofill Profiles}
{"logTime": "0612/132155", "correlationVector":"OKP7Db9ZrNOCuzGPpYKMXL.1","action":"SyncServerConnectionManagerRequest", "result":"SYNC_SERVER_OK", "context":{"environment":"Prod_southindia_prod-s01-004-apac-southindia", "migrationStage":"NotStarted", "server":"akswtt10500005o"}}
{"logTime": "0612/132155", "correlationVector":"OKP7Db9ZrNOCuzGPpYKMXL.2","action":"Commit Response", "result":"Success", "context":Result: Success. cV=OKP7Db9ZrNOCuzGPpYKMXL.0;server=akswtt10500005o;cloudType=Consumer;environment=Prod_southindia_prod-s01-004-apac-southindia;migrationStage=NotStarted}
{"logTime": "0612/132758", "correlationVector":"iE83SSz5mQMCVJV7oJmuWQ","action":"Commit Request", "result":"", "context":Item count: 2
Contributing types: Autofill Profiles, Sessions}
{"logTime": "0612/132759", "correlationVector":"iE83SSz5mQMCVJV7oJmuWQ.1","action":"SyncServerConnectionManagerRequest", "result":"SYNC_SERVER_OK", "context":{"environment":"Prod_southindia_prod-s01-004-apac-southindia", "migrationStage":"NotStarted", "server":"akswtt10500003h"}}
{"logTime": "0612/132759", "correlationVector":"iE83SSz5mQMCVJV7oJmuWQ.2","action":"Commit Response", "result":"Success", "context":Result: Success. cV=iE83SSz5mQMCVJV7oJmuWQ.0;server=akswtt10500003h;cloudType=Consumer;environment=Prod_southindia_prod-s01-004-apac-southindia;migrationStage=NotStarted}
{"logTime": "0612/133343", "correlationVector":"AQLFu8if0pCo/C39h8EzxU.1","action":"SyncServerConnectionManagerRequest", "result":"SYNC_SERVER_OK", "context":{"environment":"Prod_southindia_prod-s01-004-apac-southindia", "migrationStage":"NotStarted", "server":"akswtt10500003w"}}
{"logTime": "0612/133343", "correlationVector":"AQLFu8if0pCo/C39h8EzxU.2","action":"ProcessGetUpdates", "result":"Done", "context":{"dataType":"Encryption Keys", "deleted":"0", "process_failed_to_decrypt":"0", "process_pending_decryption":"0", "process_success":"1", "total":"1"}}
{"logTime": "0612/133344", "correlationVector":"xU/TSiNilmi+qW4WraEEKm","action":"SyncServerConnectionManagerRequest", "result":"SYNC_SERVER_OK", "context":{"environment":"", "migrationStage":"", "server":""}}
{"logTime": "0612/133344", "correlationVector":"xU/TSiNilmi+qW4WraEEKm.0","action":"EncryptionKeysFetcher.DownloadKeys:", "result":"Success", "context":Key count: 8, Last key timestamp: 2026-04-14T06:58:28Z}
{"logTime": "0612/133344", "correlationVector":"xU/TSiNilmi+qW4WraEEKm.1","action":"EncryptionKeysManager::SetEncryptionKeys:", "result":"Success", "context":Key names[8]:[RETB4DvZzyOeKgjrpw27XhJn3c1ASIPfmvePeLpdLEWZ02oSSto8SnyDTtUjutqA439JXRLEc5oFamy3eRSLTw==][2ovau2o8Q23Q9A3R+/aG5wY6e5G5jXyPu6uTTDOjqZnVvKYcphJWzTg8YGm73hGFOkkNdO4WRPvu80yXFQ34Mg==][Cc9sytgAGDHSH1doVyJTMe/lUipOqMeqbPx39iiGsH/HV6FlRQNrZTHLhHKsQXEnnvGL/VgcJDLdRgpfM3X9dg==][vXtB0mClDXRJ3+5z7tLhU3c6CExuGv/4uv3cCAYILT2xgA7sO0TYI9kfIhVdSYP2mq2qVThpLbaswOive8yvYQ==][5nv6nIzfU8pJHgQA7PCGaUbOCyPuKfL9bYRv4iO/ryIMOiC5HTAxMN17DiFru2IBSFBGiHI5khrZpi3eeMM3fg==][HnUyMQ9GvMoOLVUrVVTQZGhSO/xknTeKFOTlfkAcMmpBd9xPwbQG45ZByK3RxdO4Q7MvWn3i/IPi7wu2FvZw6Q==][HDHa6DxuISarpmSQjLrFDJfhsOgbuLfZUQCGaHUfamYrjjOtaJLGVSFzPiM0sSVPn/kVCBEFmneP+zyW3DYF+w==][vLvGDYJ+BESeyvD5xhwZRIkMhkOPxe9iyaokzbgK/F7TpLSGr025q3GBbXz9GOBYPM5Qa2mkHpboZ876hoY64A==]}
{"logTime": "0612/133344", "correlationVector":"xU/TSiNilmi+qW4WraEEKm.2","action":"EncryptionKeysManager::SetEncryptionKeysWithTimestamps:", "result":"Success", "context":Key timestamps[8]:[2022-08-05T10:18:19Z][2023-02-23T16:12:00Z][2023-09-24T14:36:11Z][2024-03-26T07:01:53Z][2024-10-02T17:37:38Z][2025-04-04T18:38:56Z][2025-10-06T19:12:45Z][2026-04-14T06:58:28Z]}
{"logTime": "0612/133344", "correlationVector":"AQLFu8if0pCo/C39h8EzxU","action":"Initial GetUpdates", "result":"", "context":Reason: NEW_CLIENT. cV=AQLFu8if0pCo/C39h8EzxU}
{"logTime": "0612/133344", "correlationVector":"AQLFu8if0pCo/C39h8EzxU.3","action":"GetUpdates Response", "result":"Success", "context":Received 1 update(s). cV=AQLFu8if0pCo/C39h8EzxU.0;server=akswtt10500003w;cloudType=Consumer;environment=Prod_southindia_prod-s01-004-apac-southindia;migrationStage=NotStarted}
{"logTime": "0612/133344", "correlationVector":"jTwilgEffYh/1LW03/OVCM","action":"Initial GetUpdates", "result":"", "context":Reason: NEWLY_SUPPORTED_DATATYPE. cV=jTwilgEffYh/1LW03/OVCM}
{"logTime": "0612/133344", "correlationVector":"jTwilgEffYh/1LW03/OVCM.1","action":"SyncServerConnectionManagerRequest", "result":"SYNC_SERVER_OK", "context":{"environment":"Prod_southindia_prod-s01-004-apac-southindia", "migrationStage":"NotStarted", "server":"akswtt10500005u"}}
{"logTime": "0612/133344", "correlationVector":"jTwilgEffYh/1LW03/OVCM.2","action":"ProcessGetUpdates", "result":"Done", "context":{"dataType":"Passwords", "deleted":"0", "process_failed_to_decrypt":"0", "process_pending_decryption":"0", "process_success":"21", "total":"21"}}
{"logTime": "0612/133344", "correlationVector":"jTwilgEffYh/1LW03/OVCM.3","action":"GetUpdates Response", "result":"Success", "context":Received 21 update(s). cV=jTwilgEffYh/1LW03/OVCM.0;server=akswtt10500005u;cloudType=Consumer;environment=Prod_southindia_prod-s01-004-apac-southindia;migrationStage=NotStarted}
{"logTime": "0612/133344", "correlationVector":"VMr05EO1FZF7T0fqwppsm/","action":"Normal GetUpdate request", "result":"", "context":cV=VMr05EO1FZF7T0fqwppsm/
Nudged types: Sessions, History
Refresh requested types: Bookmarks, Preferences, Passwords, Autofill Profiles, Autofill, Extensions, Sessions, Extension settings, History Delete Directives, Device Info, User Consents, Send Tab To Self, Web Apps, History, Saved Tab Group, WebAuthn Credentials, Edge E Drop, Edge Hub App Usage, Edge Wallet, Edge Workspace, Encryption Keys}
{"logTime": "0612/133345", "correlationVector":"VMr05EO1FZF7T0fqwppsm/.1","action":"SyncServerConnectionManagerRequest", "result":"SYNC_SERVER_OK", "context":{"environment":"Prod_southindia_prod-s01-004-apac-southindia", "migrationStage":"NotStarted", "server":"akswtt105000040"}}
{"logTime": "0612/133345", "correlationVector":"VMr05EO1FZF7T0fqwppsm/.2","action":"ProcessGetUpdates", "result":"Done", "context":{"dataType":"Preferences", "deleted":"0", "process_failed_to_decrypt":"0", "process_pending_decryption":"0", "process_success":"1", "total":"1"}}
{"logTime": "0612/133345", "correlationVector":"VMr05EO1FZF7T0fqwppsm/.3","action":"ProcessGetUpdates", "result":"Done", "context":{"dataType":"Autofill Profiles", "deleted":"0", "process_failed_to_decrypt":"0", "process_pending_decryption":"0", "process_success":"1", "total":"1"}}
{"logTime": "0612/133345", "correlationVector":"VMr05EO1FZF7T0fqwppsm/.4","action":"ProcessGetUpdates", "result":"Done", "context":{"dataType":"Sessions", "deleted":"0", "process_failed_to_decrypt":"0", "process_pending_decryption":"0", "process_success":"2", "total":"2"}}
{"logTime": "0612/133345", "correlationVector":"VMr05EO1FZF7T0fqwppsm/.5","action":"ProcessGetUpdates", "result":"Done", "context":{"dataType":"Device Info", "deleted":"0", "process_failed_to_decrypt":"0", "process_pending_decryption":"0", "process_success":"1", "total":"1"}}
{"logTime": "0612/133345", "correlationVector":"VMr05EO1FZF7T0fqwppsm/.6","action":"ProcessGetUpdates", "result":"Done", "context":{"dataType":"History", "deleted":"0", "process_failed_to_decrypt":"0", "process_pending_decryption":"0", "process_success":"2", "total":"2"}}
{"logTime": "0612/133345", "correlationVector":"VMr05EO1FZF7T0fqwppsm/.7","action":"GetUpdates Response", "result":"Success", "context":Received 7 update(s). cV=VMr05EO1FZF7T0fqwppsm/.0;server=akswtt105000040;cloudType=Consumer;environment=Prod_southindia_prod-s01-004-apac-southindia;migrationStage=NotStarted}
{"logTime": "0612/133345", "correlationVector":"Wpw1h/ULRy9BMpdhazVyqd","action":"Commit Request", "result":"", "context":Item count: 5
Contributing types: Sessions, History}
{"logTime": "0612/133345", "correlationVector":"Wpw1h/ULRy9BMpdhazVyqd.1","action":"SyncServerConnectionManagerRequest", "result":"SYNC_SERVER_OK", "context":{"environment":"Prod_southindia_prod-s01-004-apac-southindia", "migrationStage":"NotStarted", "server":"akswtt10500005q"}}
{"logTime": "0612/133345", "correlationVector":"Wpw1h/ULRy9BMpdhazVyqd.2","action":"Commit Response", "result":"Success", "context":Result: Success. cV=Wpw1h/ULRy9BMpdhazVyqd.0;server=akswtt10500005q;cloudType=Consumer;environment=Prod_southindia_prod-s01-004-apac-southindia;migrationStage=NotStarted}
{"logTime": "0612/133351", "correlationVector":"S5s2aofTwR1R0+DG9R/OW/","action":"Commit Request", "result":"", "context":Item count: 18
Contributing types: Preferences, Passwords, Sessions, History}
{"logTime": "0612/133353", "correlationVector":"S5s2aofTwR1R0+DG9R/OW/.1","action":"SyncServerConnectionManagerRequest", "result":"SYNC_SERVER_OK", "context":{"environment":"Prod_southindia_prod-s01-004-apac-southindia", "migrationStage":"NotStarted", "server":"akswtt10500005y"}}
{"logTime": "0612/133353", "correlationVector":"S5s2aofTwR1R0+DG9R/OW/.2","action":"Commit Response", "result":"Success", "context":Result: Success. cV=S5s2aofTwR1R0+DG9R/OW/.0;server=akswtt10500005y;cloudType=Consumer;environment=Prod_southindia_prod-s01-004-apac-southindia;migrationStage=NotStarted}
{"logTime": "0612/133404", "correlationVector":"7fUfc+aGOnMSgbhu3YpCm+","action":"Commit Request", "result":"", "context":Item count: 4
Contributing types: Autofill Profiles, Sessions, History}
{"logTime": "0612/133405", "correlationVector":"7fUfc+aGOnMSgbhu3YpCm+.1","action":"SyncServerConnectionManagerRequest", "result":"SYNC_SERVER_OK", "context":{"environment":"Prod_southindia_prod-s01-004-apac-southindia", "migrationStage":"NotStarted", "server":"akswtt10500005p"}}
{"logTime": "0612/133405", "correlationVector":"7fUfc+aGOnMSgbhu3YpCm+.2","action":"Commit Response", "result":"Success", "context":Result: Success. cV=7fUfc+aGOnMSgbhu3YpCm+.0;server=akswtt10500005p;cloudType=Consumer;environment=Prod_southindia_prod-s01-004-apac-southindia;migrationStage=NotStarted}
{"logTime": "0612/133405", "correlationVector":"7fUfc+aGOnMSgbhu3YpCm+.3","action":"Commit.Sessions", "result":"Success", "context":{"id":"f323ee25-b1c0-46f1-901d-b53ae20d32db", "isDeleted":"true", "size":"0", "version":"1781271225472"}}
{"logTime": "0612/133536", "correlationVector":"mabXgnFZXwECvT3a1O3Iyq","action":"Commit Request", "result":"", "context":Item count: 1
Contributing types: Sessions}
{"logTime": "0612/133536", "correlationVector":"mabXgnFZXwECvT3a1O3Iyq.1","action":"SyncServerConnectionManagerRequest", "result":"SYNC_SERVER_OK", "context":{"environment":"Prod_southindia_prod-s01-004-apac-southindia", "migrationStage":"NotStarted", "server":"akswtt10500005p"}}
{"logTime": "0612/133536", "correlationVector":"mabXgnFZXwECvT3a1O3Iyq.2","action":"Commit Response", "result":"Success", "context":Result: Success. cV=mabXgnFZXwECvT3a1O3Iyq.0;server=akswtt10500005p;cloudType=Consumer;environment=Prod_southindia_prod-s01-004-apac-southindia;migrationStage=NotStarted}
{"logTime": "0612/134144", "correlationVector":"DucFv2Wk5xdSynrVu85z1Q","action":"Commit Request", "result":"", "context":Item count: 1
Contributing types: Autofill Profiles}
{"logTime": "0612/134145", "correlationVector":"DucFv2Wk5xdSynrVu85z1Q.1","action":"SyncServerConnectionManagerRequest", "result":"SYNC_SERVER_OK", "context":{"environment":"Prod_southindia_prod-s01-004-apac-southindia", "migrationStage":"NotStarted", "server":"akswtt10500003w"}}
{"logTime": "0612/134145", "correlationVector":"DucFv2Wk5xdSynrVu85z1Q.2","action":"Commit Response", "result":"Success", "context":Result: Success. cV=DucFv2Wk5xdSynrVu85z1Q.0;server=akswtt10500003w;cloudType=Consumer;environment=Prod_southindia_prod-s01-004-apac-southindia;migrationStage=NotStarted}
{"logTime": "0612/134747", "correlationVector":"nrzIW57gsRvryuxNFG9nu8","action":"Commit Request", "result":"", "context":Item count: 1
Contributing types: Autofill Profiles}
{"logTime": "0612/134748", "correlationVector":"nrzIW57gsRvryuxNFG9nu8.1","action":"SyncServerConnectionManagerRequest", "result":"SYNC_SERVER_OK", "context":{"environment":"Prod_southindia_prod-s01-004-apac-southindia", "migrationStage":"NotStarted", "server":"akswtt105000052"}}
{"logTime": "0612/134748", "correlationVector":"nrzIW57gsRvryuxNFG9nu8.2","action":"Commit Response", "result":"Success", "context":Result: Success. cV=nrzIW57gsRvryuxNFG9nu8.0;server=akswtt105000052;cloudType=Consumer;environment=Prod_southindia_prod-s01-004-apac-southindia;migrationStage=NotStarted}
{"logTime": "0612/135016", "correlationVector":"mdHpAfM4X29Km16xUzUF/u","action":"Commit Request", "result":"", "context":Item count: 1
Contributing types: Autofill Profiles}
{"logTime": "0612/135017", "correlationVector":"mdHpAfM4X29Km16xUzUF/u.1","action":"SyncServerConnectionManagerRequest", "result":"SYNC_SERVER_OK", "context":{"environment":"Prod_southindia_prod-s01-004-apac-southindia", "migrationStage":"NotStarted", "server":"akswtt105000057"}}
{"logTime": "0612/135017", "correlationVector":"mdHpAfM4X29Km16xUzUF/u.2","action":"Commit Response", "result":"Success", "context":Result: Success. cV=mdHpAfM4X29Km16xUzUF/u.0;server=akswtt105000057;cloudType=Consumer;environment=Prod_southindia_prod-s01-004-apac-southindia;migrationStage=NotStarted}
{"logTime": "0612/140148", "correlationVector":"sCnLA2Qkhf9qo8PkpyWhlx","action":"Commit Request", "result":"", "context":Item count: 1
Contributing types: Sessions}
{"logTime": "0612/140149", "correlationVector":"sCnLA2Qkhf9qo8PkpyWhlx.1","action":"SyncServerConnectionManagerRequest", "result":"SYNC_SERVER_OK", "context":{"environment":"Prod_southindia_prod-s01-004-apac-southindia", "migrationStage":"NotStarted", "server":"akswtt10500005q"}}
{"logTime": "0612/140149", "correlationVector":"sCnLA2Qkhf9qo8PkpyWhlx.2","action":"Commit Response", "result":"Success", "context":Result: Success. cV=sCnLA2Qkhf9qo8PkpyWhlx.0;server=akswtt10500005q;cloudType=Consumer;environment=Prod_southindia_prod-s01-004-apac-southindia;migrationStage=NotStarted}
{"logTime": "0612/140339", "correlationVector":"/CAHNZWiL74jd2UMtA91nH","action":"Commit Request", "result":"", "context":Item count: 3
Contributing types: Sessions, History}
{"logTime": "0612/140340", "correlationVector":"/CAHNZWiL74jd2UMtA91nH.1","action":"SyncServerConnectionManagerRequest", "result":"SYNC_SERVER_OK", "context":{"environment":"Prod_southindia_prod-s01-004-apac-southindia", "migrationStage":"NotStarted", "server":"akswtt10500004y"}}
{"logTime": "0612/140340", "correlationVector":"/CAHNZWiL74jd2UMtA91nH.2","action":"Commit Response", "result":"Success", "context":Result: Success. cV=/CAHNZWiL74jd2UMtA91nH.0;server=akswtt10500004y;cloudType=Consumer;environment=Prod_southindia_prod-s01-004-apac-southindia;migrationStage=NotStarted}
{"logTime": "0612/140604", "correlationVector":"fXHldUtERHqTdUdQrceIwH","action":"Commit Request", "result":"", "context":Item count: 6
Contributing types: Autofill Profiles, Sessions, History}
{"logTime": "0612/140606", "correlationVector":"fXHldUtERHqTdUdQrceIwH.1","action":"SyncServerConnectionManagerRequest", "result":"SYNC_SERVER_OK", "context":{"environment":"Prod_southindia_prod-s01-004-apac-southindia", "migrationStage":"NotStarted", "server":"akswtt105000050"}}
{"logTime": "0612/140606", "correlationVector":"fXHldUtERHqTdUdQrceIwH.2","action":"Commit Response", "result":"Success", "context":Result: Success. cV=fXHldUtERHqTdUdQrceIwH.0;server=akswtt105000050;cloudType=Consumer;environment=Prod_southindia_prod-s01-004-apac-southindia;migrationStage=NotStarted}
{"logTime": "0612/140706", "correlationVector":"k1vwtav6bXNemF7fivmpjY","action":"Commit Request", "result":"", "context":Item count: 1
Contributing types: History}
{"logTime": "0612/140706", "correlationVector":"k1vwtav6bXNemF7fivmpjY.1","action":"SyncServerConnectionManagerRequest", "result":"SYNC_SERVER_OK", "context":{"environment":"Prod_southindia_prod-s01-004-apac-southindia", "migrationStage":"NotStarted", "server":"akswtt10500003w"}}
{"logTime": "0612/140706", "correlationVector":"k1vwtav6bXNemF7fivmpjY.2","action":"Commit Response", "result":"Success", "context":Result: Success. cV=k1vwtav6bXNemF7fivmpjY.0;server=akswtt10500003w;cloudType=Consumer;environment=Prod_southindia_prod-s01-004-apac-southindia;migrationStage=NotStarted}
{"logTime": "0612/140905", "correlationVector":"mlbSJchapHJOmM2YkT/V0x","action":"Commit Request", "result":"", "context":Item count: 2
Contributing types: Autofill Profiles, Sessions}
{"logTime": "0612/140906", "correlationVector":"mlbSJchapHJOmM2YkT/V0x.1","action":"SyncServerConnectionManagerRequest", "result":"SYNC_SERVER_OK", "context":{"environment":"Prod_southindia_prod-s01-004-apac-southindia", "migrationStage":"NotStarted", "server":"akswtt10500005n"}}
{"logTime": "0612/140906", "correlationVector":"mlbSJchapHJOmM2YkT/V0x.2","action":"Commit Response", "result":"Success", "context":Result: Success. cV=mlbSJchapHJOmM2YkT/V0x.0;server=akswtt10500005n;cloudType=Consumer;environment=Prod_southindia_prod-s01-004-apac-southindia;migrationStage=NotStarted}
{"logTime": "0612/140922", "correlationVector":"yp0yO1b//rQckOo1lIptfJ","action":"Commit Request", "result":"", "context":Item count: 1
Contributing types: Autofill Profiles}
{"logTime": "0612/140922", "correlationVector":"yp0yO1b//rQckOo1lIptfJ.1","action":"SyncServerConnectionManagerRequest", "result":"SYNC_SERVER_OK", "context":{"environment":"Prod_southindia_prod-s01-004-apac-southindia", "migrationStage":"NotStarted", "server":"akswtt10500005y"}}
{"logTime": "0612/140922", "correlationVector":"yp0yO1b//rQckOo1lIptfJ.2","action":"Commit Response", "result":"Success", "context":Result: Success. cV=yp0yO1b//rQckOo1lIptfJ.0;server=akswtt10500005y;cloudType=Consumer;environment=Prod_southindia_prod-s01-004-apac-southindia;migrationStage=NotStarted}
{"logTime": "0612/140939", "correlationVector":"VMMMrJK3bTCU/i4vlCZM7E","action":"Commit Request", "result":"", "context":Item count: 1
Contributing types: Autofill Profiles}
{"logTime": "0612/140942", "correlationVector":"VMMMrJK3bTCU/i4vlCZM7E.1","action":"SyncServerConnectionManagerRequest", "result":"SYNC_SERVER_OK", "context":{"environment":"Prod_southindia_prod-s01-004-apac-southindia", "migrationStage":"NotStarted", "server":"akswtt10500003p"}}
{"logTime": "0612/140942", "correlationVector":"VMMMrJK3bTCU/i4vlCZM7E.2","action":"Commit Response", "result":"Success", "context":Result: Success. cV=VMMMrJK3bTCU/i4vlCZM7E.0;server=akswtt10500003p;cloudType=Consumer;environment=Prod_southindia_prod-s01-004-apac-southindia;migrationStage=NotStarted}
{"logTime": "0612/141149", "correlationVector":"Vx7ytZjypzvpoZpc1QEkJc","action":"Commit Request", "result":"", "context":Item count: 1
Contributing types: Sessions}
{"logTime": "0612/141150", "correlationVector":"Vx7ytZjypzvpoZpc1QEkJc.1","action":"SyncServerConnectionManagerRequest", "result":"SYNC_SERVER_OK", "context":{"environment":"Prod_southindia_prod-s01-004-apac-southindia", "migrationStage":"NotStarted", "server":"akswtt105000040"}}
{"logTime": "0612/141150", "correlationVector":"Vx7ytZjypzvpoZpc1QEkJc.2","action":"Commit Response", "result":"Success", "context":Result: Success. cV=Vx7ytZjypzvpoZpc1QEkJc.0;server=akswtt105000040;cloudType=Consumer;environment=Prod_southindia_prod-s01-004-apac-southindia;migrationStage=NotStarted}
{"logTime": "0612/141325", "correlationVector":"73Xo6t/gjHNq2TgR7DmJ3x","action":"Commit Request", "result":"", "context":Item count: 1
Contributing types: Autofill Profiles}
{"logTime": "0612/141326", "correlationVector":"73Xo6t/gjHNq2TgR7DmJ3x.1","action":"SyncServerConnectionManagerRequest", "result":"SYNC_SERVER_OK", "context":{"environment":"Prod_southindia_prod-s01-004-apac-southindia", "migrationStage":"NotStarted", "server":"akswtt10500005n"}}
{"logTime": "0612/141326", "correlationVector":"73Xo6t/gjHNq2TgR7DmJ3x.2","action":"Commit Response", "result":"Success", "context":Result: Success. cV=73Xo6t/gjHNq2TgR7DmJ3x.0;server=akswtt10500005n;cloudType=Consumer;environment=Prod_southindia_prod-s01-004-apac-southindia;migrationStage=NotStarted}
{"logTime": "0613/064829", "correlationVector":"F05ooHgfgkScgAVsxVQ7Rd.1","action":"SyncServerConnectionManagerRequest", "result":"SYNC_SERVER_OK", "context":{"environment":"Prod_southindia_prod-s01-004-apac-southindia", "migrationStage":"NotStarted", "server":"akswtt10500006n"}}
{"logTime": "0613/064829", "correlationVector":"F05ooHgfgkScgAVsxVQ7Rd.2","action":"ProcessGetUpdates", "result":"Done", "context":{"dataType":"Encryption Keys", "deleted":"0", "process_failed_to_decrypt":"0", "process_pending_decryption":"0", "process_success":"1", "total":"1"}}
{"logTime": "0613/064830", "correlationVector":"Mdyi9wHY3RQ0VPr4fbp4U6","action":"SyncServerConnectionManagerRequest", "result":"SYNC_SERVER_OK", "context":{"environment":"", "migrationStage":"", "server":""}}
{"logTime": "0613/064830", "correlationVector":"Mdyi9wHY3RQ0VPr4fbp4U6.0","action":"EncryptionKeysFetcher.DownloadKeys:", "result":"Success", "context":Key count: 8, Last key timestamp: 2026-04-14T06:58:28Z}
{"logTime": "0613/064831", "correlationVector":"Mdyi9wHY3RQ0VPr4fbp4U6.1","action":"EncryptionKeysManager::SetEncryptionKeys:", "result":"Success", "context":Key names[8]:[RETB4DvZzyOeKgjrpw27XhJn3c1ASIPfmvePeLpdLEWZ02oSSto8SnyDTtUjutqA439JXRLEc5oFamy3eRSLTw==][2ovau2o8Q23Q9A3R+/aG5wY6e5G5jXyPu6uTTDOjqZnVvKYcphJWzTg8YGm73hGFOkkNdO4WRPvu80yXFQ34Mg==][Cc9sytgAGDHSH1doVyJTMe/lUipOqMeqbPx39iiGsH/HV6FlRQNrZTHLhHKsQXEnnvGL/VgcJDLdRgpfM3X9dg==][vXtB0mClDXRJ3+5z7tLhU3c6CExuGv/4uv3cCAYILT2xgA7sO0TYI9kfIhVdSYP2mq2qVThpLbaswOive8yvYQ==][5nv6nIzfU8pJHgQA7PCGaUbOCyPuKfL9bYRv4iO/ryIMOiC5HTAxMN17DiFru2IBSFBGiHI5khrZpi3eeMM3fg==][HnUyMQ9GvMoOLVUrVVTQZGhSO/xknTeKFOTlfkAcMmpBd9xPwbQG45ZByK3RxdO4Q7MvWn3i/IPi7wu2FvZw6Q==][HDHa6DxuISarpmSQjLrFDJfhsOgbuLfZUQCGaHUfamYrjjOtaJLGVSFzPiM0sSVPn/kVCBEFmneP+zyW3DYF+w==][vLvGDYJ+BESeyvD5xhwZRIkMhkOPxe9iyaokzbgK/F7TpLSGr025q3GBbXz9GOBYPM5Qa2mkHpboZ876hoY64A==]}
{"logTime": "0613/064831", "correlationVector":"Mdyi9wHY3RQ0VPr4fbp4U6.2","action":"EncryptionKeysManager::SetEncryptionKeysWithTimestamps:", "result":"Success", "context":Key timestamps[8]:[2022-08-05T10:18:19Z][2023-02-23T16:12:00Z][2023-09-24T14:36:11Z][2024-03-26T07:01:53Z][2024-10-02T17:37:38Z][2025-04-04T18:38:56Z][2025-10-06T19:12:45Z][2026-04-14T06:58:28Z]}
{"logTime": "0613/064831", "correlationVector":"F05ooHgfgkScgAVsxVQ7Rd","action":"Initial GetUpdates", "result":"", "context":Reason: NEW_CLIENT. cV=F05ooHgfgkScgAVsxVQ7Rd}
{"logTime": "0613/064831", "correlationVector":"F05ooHgfgkScgAVsxVQ7Rd.3","action":"GetUpdates Response", "result":"Success", "context":Received 1 update(s). cV=F05ooHgfgkScgAVsxVQ7Rd.0;server=akswtt10500006n;cloudType=Consumer;environment=Prod_southindia_prod-s01-004-apac-southindia;migrationStage=NotStarted}
{"logTime": "0613/064831", "correlationVector":"+tN+IzPe2O4FInGHEB9vUg","action":"Initial GetUpdates", "result":"", "context":Reason: NEWLY_SUPPORTED_DATATYPE. cV=+tN+IzPe2O4FInGHEB9vUg}
{"logTime": "0613/064831", "correlationVector":"+tN+IzPe2O4FInGHEB9vUg.1","action":"SyncServerConnectionManagerRequest", "result":"SYNC_SERVER_OK", "context":{"environment":"Prod_southindia_prod-s01-004-apac-southindia", "migrationStage":"NotStarted", "server":"akswtt10500003h"}}
{"logTime": "0613/064831", "correlationVector":"+tN+IzPe2O4FInGHEB9vUg.2","action":"ProcessGetUpdates", "result":"Done", "context":{"dataType":"Preferences", "deleted":"0", "process_failed_to_decrypt":"0", "process_pending_decryption":"0", "process_success":"67", "total":"67"}}
{"logTime": "0613/064831", "correlationVector":"+tN+IzPe2O4FInGHEB9vUg.3","action":"ProcessGetUpdates", "result":"Done", "context":{"dataType":"Passwords", "deleted":"0", "process_failed_to_decrypt":"0", "process_pending_decryption":"0", "process_success":"21", "total":"21"}}
{"logTime": "0613/064831", "correlationVector":"+tN+IzPe2O4FInGHEB9vUg.4","action":"ProcessGetUpdates", "result":"Done", "context":{"dataType":"Device Info", "deleted":"0", "process_failed_to_decrypt":"0", "process_pending_decryption":"0", "process_success":"6", "total":"6"}}
{"logTime": "0613/064831", "correlationVector":"+tN+IzPe2O4FInGHEB9vUg.5","action":"GetUpdates Response", "result":"Success", "context":Received 94 update(s). cV=+tN+IzPe2O4FInGHEB9vUg.0;server=akswtt10500003h;cloudType=Consumer;environment=Prod_southindia_prod-s01-004-apac-southindia;migrationStage=NotStarted}
{"logTime": "0613/064831", "correlationVector":"+vEZjLhh8Y8gzNtrAEb/Yp","action":"Initial GetUpdates", "result":"", "context":Reason: NEWLY_SUPPORTED_DATATYPE. cV=+vEZjLhh8Y8gzNtrAEb/Yp}
{"logTime": "0613/064832", "correlationVector":"+vEZjLhh8Y8gzNtrAEb/Yp.1","action":"SyncServerConnectionManagerRequest", "result":"SYNC_SERVER_OK", "context":{"environment":"Prod_southindia_prod-s01-004-apac-southindia", "migrationStage":"NotStarted", "server":"akswtt10500006n"}}
{"logTime": "0613/064832", "correlationVector":"+vEZjLhh8Y8gzNtrAEb/Yp.2","action":"ProcessGetUpdates", "result":"Done", "context":{"dataType":"Bookmarks", "deleted":"0", "process_failed_to_decrypt":"0", "process_pending_decryption":"0", "process_success":"6", "total":"6"}}
{"logTime": "0613/064832", "correlationVector":"+vEZjLhh8Y8gzNtrAEb/Yp.3","action":"GetUpdates Response", "result":"Success", "context":Received 6 update(s). cV=+vEZjLhh8Y8gzNtrAEb/Yp.0;server=akswtt10500006n;cloudType=Consumer;environment=Prod_southindia_prod-s01-004-apac-southindia;migrationStage=NotStarted}
{"logTime": "0613/064832", "correlationVector":"S+RmsnOy2KSVY6E8EzISwq","action":"Initial GetUpdates", "result":"", "context":Reason: NEWLY_SUPPORTED_DATATYPE. cV=S+RmsnOy2KSVY6E8EzISwq}
{"logTime": "0613/064832", "correlationVector":"S+RmsnOy2KSVY6E8EzISwq.1","action":"SyncServerConnectionManagerRequest", "result":"SYNC_SERVER_OK", "context":{"environment":"Prod_southindia_prod-s01-004-apac-southindia", "migrationStage":"NotStarted", "server":"akswtt10500003f"}}
{"logTime": "0613/064832", "correlationVector":"S+RmsnOy2KSVY6E8EzISwq.2","action":"ProcessGetUpdates", "result":"Done", "context":{"dataType":"Autofill Profiles", "deleted":"0", "process_failed_to_decrypt":"0", "process_pending_decryption":"0", "process_success":"7", "total":"7"}}
{"logTime": "0613/064832", "correlationVector":"S+RmsnOy2KSVY6E8EzISwq.3","action":"ProcessGetUpdates", "result":"Done", "context":{"dataType":"Autofill", "deleted":"0", "process_failed_to_decrypt":"0", "process_pending_decryption":"0", "process_success":"48", "total":"48"}}
{"logTime": "0613/064832", "correlationVector":"S+RmsnOy2KSVY6E8EzISwq.4","action":"ProcessGetUpdates", "result":"Done", "context":{"dataType":"Sessions", "deleted":"18", "process_failed_to_decrypt":"0", "process_pending_decryption":"0", "process_success":"23", "total":"23"}}
{"logTime": "0613/064832", "correlationVector":"S+RmsnOy2KSVY6E8EzISwq.5","action":"ProcessGetUpdates", "result":"Done", "context":{"dataType":"Edge Hub App Usage", "deleted":"3", "process_failed_to_decrypt":"0", "process_pending_decryption":"0", "process_success":"8", "total":"8"}}
{"logTime": "0613/064832", "correlationVector":"S+RmsnOy2KSVY6E8EzISwq.6","action":"GetUpdates Response", "result":"Success", "context":Received 86 update(s). cV=S+RmsnOy2KSVY6E8EzISwq.0;server=akswtt10500003f;cloudType=Consumer;environment=Prod_southindia_prod-s01-004-apac-southindia;migrationStage=NotStarted}
{"logTime": "0613/064832", "correlationVector":"VLGMuxxVCjoBLvwpM7/x7S","action":"Initial GetUpdates", "result":"", "context":Reason: NEWLY_SUPPORTED_DATATYPE. cV=VLGMuxxVCjoBLvwpM7/x7S}
{"logTime": "0613/064833", "correlationVector":"VLGMuxxVCjoBLvwpM7/x7S.1","action":"SyncServerConnectionManagerRequest", "result":"SYNC_SERVER_OK", "context":{"environment":"Prod_southindia_prod-s01-004-apac-southindia", "migrationStage":"NotStarted", "server":"akswtt10500003h"}}
{"logTime": "0613/064833", "correlationVector":"VLGMuxxVCjoBLvwpM7/x7S.2","action":"ProcessGetUpdates", "result":"Done", "context":{"dataType":"History", "deleted":"0", "process_failed_to_decrypt":"0", "process_pending_decryption":"0", "process_success":"50", "total":"50"}}
{"logTime": "0613/064833", "correlationVector":"VLGMuxxVCjoBLvwpM7/x7S.3","action":"GetUpdates Response", "result":"Success", "context":Received 50 update(s). cV=VLGMuxxVCjoBLvwpM7/x7S.0;server=akswtt10500003h;cloudType=Consumer;environment=Prod_southindia_prod-s01-004-apac-southindia;migrationStage=NotStarted}
{"logTime": "0613/064833", "correlationVector":"n1VzmUfAlnvZaMh4/F6o8f","action":"Normal GetUpdate request", "result":"", "context":cV=n1VzmUfAlnvZaMh4/F6o8f
Nudged types: Sessions, Device Info
Refresh requested types: Bookmarks, Preferences, Passwords, Autofill Profiles, Autofill, Extensions, Sessions, Extension settings, History Delete Directives, Device Info, User Consents, Send Tab To Self, Web Apps, History, Saved Tab Group, WebAuthn Credentials, Edge E Drop, Edge Hub App Usage, Edge Wallet, Edge Workspace, Encryption Keys}
{"logTime": "0613/064833", "correlationVector":"n1VzmUfAlnvZaMh4/F6o8f.1","action":"SyncServerConnectionManagerRequest", "result":"SYNC_SERVER_OK", "context":{"environment":"Prod_southindia_prod-s01-004-apac-southindia", "migrationStage":"NotStarted", "server":"akswtt10500006q"}}
{"logTime": "0613/064833", "correlationVector":"n1VzmUfAlnvZaMh4/F6o8f.2","action":"GetUpdates Response", "result":"Success", "context":Received 0 update(s). cV=n1VzmUfAlnvZaMh4/F6o8f.0;server=akswtt10500006q;cloudType=Consumer;environment=Prod_southindia_prod-s01-004-apac-southindia;migrationStage=NotStarted}
{"logTime": "0613/064833", "correlationVector":"hwXZ+vIQ2KTcIOoWAMAr63","action":"Commit Request", "result":"", "context":Item count: 3
Contributing types: Sessions, Device Info}
{"logTime": "0613/064834", "correlationVector":"hwXZ+vIQ2KTcIOoWAMAr63.1","action":"SyncServerConnectionManagerRequest", "result":"SYNC_SERVER_OK", "context":{"environment":"Prod_southindia_prod-s01-004-apac-southindia", "migrationStage":"NotStarted", "server":"akswtt10500005t"}}
{"logTime": "0613/064834", "correlationVector":"hwXZ+vIQ2KTcIOoWAMAr63.2","action":"Commit Response", "result":"Success", "context":Result: Success. cV=hwXZ+vIQ2KTcIOoWAMAr63.0;server=akswtt10500005t;cloudType=Consumer;environment=Prod_southindia_prod-s01-004-apac-southindia;migrationStage=NotStarted}
{"logTime": "0613/064834", "correlationVector":"bUdUeScKLDVslVp1+lmgCX","action":"Poll GetUpdate request", "result":"", "context":cV=bUdUeScKLDVslVp1+lmgCX}
{"logTime": "0613/064835", "correlationVector":"bUdUeScKLDVslVp1+lmgCX.1","action":"SyncServerConnectionManagerRequest", "result":"SYNC_SERVER_OK", "context":{"environment":"Prod_southindia_prod-s01-004-apac-southindia", "migrationStage":"NotStarted", "server":"akswtt10500006p"}}
{"logTime": "0613/064835", "correlationVector":"bUdUeScKLDVslVp1+lmgCX.2","action":"ProcessGetUpdates", "result":"Done", "context":{"dataType":"Sessions", "deleted":"0", "process_failed_to_decrypt":"0", "process_pending_decryption":"0", "process_success":"2", "total":"2"}}
{"logTime": "0613/064835", "correlationVector":"bUdUeScKLDVslVp1+lmgCX.3","action":"ProcessGetUpdates", "result":"Done", "context":{"dataType":"Device Info", "deleted":"0", "process_failed_to_decrypt":"0", "process_pending_decryption":"0", "process_success":"1", "total":"1"}}
{"logTime": "0613/064835", "correlationVector":"bUdUeScKLDVslVp1+lmgCX.4","action":"GetUpdates Response", "result":"Success", "context":Received 3 update(s). cV=bUdUeScKLDVslVp1+lmgCX.0;server=akswtt10500006p;cloudType=Consumer;environment=Prod_southindia_prod-s01-004-apac-southindia;migrationStage=NotStarted}
{"logTime": "0613/064850", "correlationVector":"gohGN7S6cg2bd6IqbTEqcM","action":"Commit Request", "result":"", "context":Item count: 18
Contributing types: Preferences, Passwords, Sessions, History}
{"logTime": "0613/064851", "correlationVector":"gohGN7S6cg2bd6IqbTEqcM.1","action":"SyncServerConnectionManagerRequest", "result":"SYNC_SERVER_OK", "context":{"environment":"Prod_southindia_prod-s01-004-apac-southindia", "migrationStage":"NotStarted", "server":"akswtt105000050"}}
{"logTime": "0613/064851", "correlationVector":"gohGN7S6cg2bd6IqbTEqcM.2","action":"Commit Response", "result":"Success", "context":Result: Success. cV=gohGN7S6cg2bd6IqbTEqcM.0;server=akswtt105000050;cloudType=Consumer;environment=Prod_southindia_prod-s01-004-apac-southindia;migrationStage=NotStarted}
{"logTime": "0613/064951", "correlationVector":"JigGPrOppPHpa3B/vXQ9yc","action":"Commit Request", "result":"", "context":Item count: 5
Contributing types: Autofill Profiles, Sessions, History}
{"logTime": "0613/064952", "correlationVector":"JigGPrOppPHpa3B/vXQ9yc.1","action":"SyncServerConnectionManagerRequest", "result":"SYNC_SERVER_OK", "context":{"environment":"Prod_southindia_prod-s01-004-apac-southindia", "migrationStage":"NotStarted", "server":"akswtt10500004c"}}
{"logTime": "0613/064952", "correlationVector":"JigGPrOppPHpa3B/vXQ9yc.2","action":"Commit Response", "result":"Success", "context":Result: Success. cV=JigGPrOppPHpa3B/vXQ9yc.0;server=akswtt10500004c;cloudType=Consumer;environment=Prod_southindia_prod-s01-004-apac-southindia;migrationStage=NotStarted}
{"logTime": "0613/065052", "correlationVector":"Czgd6xI1fVFbeBL1hp8WOu","action":"Commit Request", "result":"", "context":Item count: 1
Contributing types: History}
{"logTime": "0613/065053", "correlationVector":"Czgd6xI1fVFbeBL1hp8WOu.1","action":"SyncServerConnectionManagerRequest", "result":"SYNC_SERVER_OK", "context":{"environment":"Prod_southindia_prod-s01-004-apac-southindia", "migrationStage":"NotStarted", "server":"akswtt10500005u"}}
{"logTime": "0613/065053", "correlationVector":"Czgd6xI1fVFbeBL1hp8WOu.2","action":"Commit Response", "result":"Success", "context":Result: Success. cV=Czgd6xI1fVFbeBL1hp8WOu.0;server=akswtt10500005u;cloudType=Consumer;environment=Prod_southindia_prod-s01-004-apac-southindia;migrationStage=NotStarted}
{"logTime": "0613/065309", "correlationVector":"en3HSDdaNwAJYOOB8nLupr","action":"Commit Request", "result":"", "context":Item count: 2
Contributing types: Autofill Profiles, Sessions}
{"logTime": "0613/065310", "correlationVector":"en3HSDdaNwAJYOOB8nLupr.1","action":"SyncServerConnectionManagerRequest", "result":"SYNC_SERVER_OK", "context":{"environment":"Prod_southindia_prod-s01-004-apac-southindia", "migrationStage":"NotStarted", "server":"akswtt10500003r"}}
{"logTime": "0613/065310", "correlationVector":"en3HSDdaNwAJYOOB8nLupr.2","action":"Commit Response", "result":"Success", "context":Result: Success. cV=en3HSDdaNwAJYOOB8nLupr.0;server=akswtt10500003r;cloudType=Consumer;environment=Prod_southindia_prod-s01-004-apac-southindia;migrationStage=NotStarted}
{"logTime": "0613/070817", "correlationVector":"T4Eo5BXJAt3QQ1fqnIio6F","action":"Commit Request", "result":"", "context":Item count: 1
Contributing types: Sessions}
{"logTime": "0613/070822", "correlationVector":"T4Eo5BXJAt3QQ1fqnIio6F.1","action":"SyncServerConnectionManagerRequest", "result":"SYNC_SERVER_OK", "context":{"environment":"Prod_southindia_prod-s01-004-apac-southindia", "migrationStage":"NotStarted", "server":"akswtt10500005j"}}
{"logTime": "0613/070822", "correlationVector":"T4Eo5BXJAt3QQ1fqnIio6F.2","action":"Commit Response", "result":"Success", "context":Result: Success. cV=T4Eo5BXJAt3QQ1fqnIio6F.0;server=akswtt10500005j;cloudType=Consumer;environment=Prod_southindia_prod-s01-004-apac-southindia;migrationStage=NotStarted}
{"logTime": "0613/072232", "correlationVector":"06Albfwl4Bv6LZrf5ZPGT3","action":"Commit Request", "result":"", "context":Item count: 1
Contributing types: Sessions}
{"logTime": "0613/072232", "correlationVector":"06Albfwl4Bv6LZrf5ZPGT3.1","action":"SyncServerConnectionManagerRequest", "result":"SYNC_SERVER_OK", "context":{"environment":"Prod_southindia_prod-s01-004-apac-southindia", "migrationStage":"NotStarted", "server":"akswtt10500006m"}}
{"logTime": "0613/072232", "correlationVector":"06Albfwl4Bv6LZrf5ZPGT3.2","action":"Commit Response", "result":"Success", "context":Result: Success. cV=06Albfwl4Bv6LZrf5ZPGT3.0;server=akswtt10500006m;cloudType=Consumer;environment=Prod_southindia_prod-s01-004-apac-southindia;migrationStage=NotStarted}
{"logTime": "0613/074340", "correlationVector":"smuWokXVA54A9gwCvl1cKe","action":"Commit Request", "result":"", "context":Item count: 1
Contributing types: Sessions}
{"logTime": "0613/074342", "correlationVector":"smuWokXVA54A9gwCvl1cKe.1","action":"SyncServerConnectionManagerRequest", "result":"SYNC_SERVER_OK", "context":{"environment":"Prod_southindia_prod-s01-004-apac-southindia", "migrationStage":"NotStarted", "server":"akswtt10500005e"}}
{"logTime": "0613/074342", "correlationVector":"smuWokXVA54A9gwCvl1cKe.2","action":"Commit Response", "result":"Success", "context":Result: Success. cV=smuWokXVA54A9gwCvl1cKe.0;server=akswtt10500005e;cloudType=Consumer;environment=Prod_southindia_prod-s01-004-apac-southindia;migrationStage=NotStarted}
{"logTime": "0613/075449", "correlationVector":"4RYbI8tTxFicF6gAeVgZh+","action":"Commit Request", "result":"", "context":Item count: 1
Contributing types: Sessions}
{"logTime": "0613/075450", "correlationVector":"4RYbI8tTxFicF6gAeVgZh+.1","action":"SyncServerConnectionManagerRequest", "result":"SYNC_SERVER_OK", "context":{"environment":"Prod_southindia_prod-s01-004-apac-southindia", "migrationStage":"NotStarted", "server":"akswtt10500005p"}}
{"logTime": "0613/075450", "correlationVector":"4RYbI8tTxFicF6gAeVgZh+.2","action":"Commit Response", "result":"Success", "context":Result: Success. cV=4RYbI8tTxFicF6gAeVgZh+.0;server=akswtt10500005p;cloudType=Consumer;environment=Prod_southindia_prod-s01-004-apac-southindia;migrationStage=NotStarted}
{"logTime": "0613/080533", "correlationVector":"rHcqFC0w+hKDPMnX0vUdaV","action":"Commit Request", "result":"", "context":Item count: 1
Contributing types: Sessions}
{"logTime": "0613/080534", "correlationVector":"rHcqFC0w+hKDPMnX0vUdaV.1","action":"SyncServerConnectionManagerRequest", "result":"SYNC_SERVER_OK", "context":{"environment":"Prod_southindia_prod-s01-004-apac-southindia", "migrationStage":"NotStarted", "server":"akswtt10500003p"}}
{"logTime": "0613/080534", "correlationVector":"rHcqFC0w+hKDPMnX0vUdaV.2","action":"Commit Response", "result":"Success", "context":Result: Success. cV=rHcqFC0w+hKDPMnX0vUdaV.0;server=akswtt10500003p;cloudType=Consumer;environment=Prod_southindia_prod-s01-004-apac-southindia;migrationStage=NotStarted}
