2026-06-12 12:02:51.488: [INFO][Sync] SyncState after authenticated was: FeatureCanStart
2026-06-12 12:02:55.758: [INFO][SyncAuthManager::SetLastAuthError] Current auth error: None
2026-06-12 12:02:55.758: [INFO][SyncAuthManager::EdgeLogTokenErrorState] Token error with: None for account type: MSA
2026-06-12 12:02:55.758: [INFO][Sync] Credentials changed for: EdgeSyncKeyDataScope
2026-06-12 12:03:01.674: [INFO][Sync] Try to start sync engine
2026-06-12 12:03:01.676: [INFO][SyncManagerImpl::NudgeForInitialDownload] Initial download nudge for Encryption Keys
2026-06-12 12:03:01.676: [INFO][SyncEngineBackend::LoadAndConnectNigoriController] Load and connect Nigori controller
2026-06-12 12:03:01.676: [INFO][SyncEngineBackend::DoInitialize] Control Types added: Encryption Keys
2026-06-12 12:03:01.676: [INFO][SyncManagerImpl::ConfigureSyncer] Types to download: Encryption Keys with reason: 3
2026-06-12 12:03:01.676: [INFO][SyncEngineBackend::DoUpdateKeyDataCredentials] Update key data credentials
2026-06-12 12:03:01.676: [INFO][SyncSchedulerImpl::DoConfigurationSyncCycleJob] Configure job was blocked
2026-06-12 12:03:01.694: [INFO][SyncAuthManager::SetLastAuthError] Current auth error: None
2026-06-12 12:03:01.694: [INFO][SyncAuthManager::EdgeLogTokenErrorState] Token error with: None for account type: MSA
2026-06-12 12:03:01.694: [INFO][Sync] Credentials changed for: EdgeSyncScopeNew
2026-06-12 12:03:01.694: [INFO][SyncEngineBackend::DoUpdateCredentials] Update credentials
2026-06-12 12:03:01.694: [INFO][SyncSchedulerImpl::DoConfigurationSyncCycleJob] Blocked types:  and types to download: Encryption Keys
2026-06-12 12:03:02.627: [INFO][SyncEngineBackend::DoUpdateKeyDataCredentials] Update key data credentials
2026-06-12 12:03:02.662: [INFO][Sync] Started DataTypeManager configuration, reason: 4
2026-06-12 12:03:02.662: [INFO][Sync] Configuring for: Bookmarks, Preferences, Passwords, Autofill Profiles, Autofill, Extensions, Sessions, Extension settings, History Delete Directives, Device Info, User Consents, Send Tab To Self, Web Apps, History, Saved Tab Group, WebAuthn Credentials, Edge E Drop, Edge Hub App Usage, Edge Wallet, Edge Workspace, Encryption Keys, reason: 4, current state: 0
2026-06-12 12:03:02.662: [WARN][Sync] Crypto error data types: Passwords, Autofill Profiles, Autofill
2026-06-12 12:03:02.670: [INFO][Sync] Configure, desired: Bookmarks, Preferences, Extensions, Sessions, Extension settings, History Delete Directives, Device Info, User Consents, Send Tab To Self, Web Apps, History, Saved Tab Group, WebAuthn Credentials, Edge E Drop, Edge Hub App Usage, Edge Wallet, Edge Workspace, Encryption Keys; Allow fail: Passwords, Autofill Profiles, Autofill
2026-06-12 12:03:02.670: [INFO][Sync] Loading: Bookmarks
2026-06-12 12:03:02.670: [INFO][Sync] Loading: Preferences
2026-06-12 12:03:02.670: [INFO][Sync] Loading: Extensions
2026-06-12 12:03:02.670: [INFO][Sync] Loading: Sessions
2026-06-12 12:03:02.670: [INFO][Sync] Loading: Extension settings
2026-06-12 12:03:02.670: [INFO][Sync] Loading: History Delete Directives
2026-06-12 12:03:02.671: [INFO][Sync] Loading: Device Info
2026-06-12 12:03:02.671: [INFO][Sync] Loading: User Consents
2026-06-12 12:03:02.671: [INFO][Sync] Loading: Send Tab To Self
2026-06-12 12:03:02.671: [INFO][Sync] Loading: Web Apps
2026-06-12 12:03:02.671: [INFO][Sync] Loading: History
2026-06-12 12:03:02.671: [INFO][Sync] Loading: Saved Tab Group
2026-06-12 12:03:02.671: [INFO][Sync] Loading: WebAuthn Credentials
2026-06-12 12:03:02.671: [INFO][Sync] Loading: Edge E Drop
2026-06-12 12:03:02.671: [INFO][Sync] Loading: Edge Hub App Usage
2026-06-12 12:03:02.671: [INFO][Sync] Loading: Edge Wallet
2026-06-12 12:03:02.671: [INFO][Sync] Loading: Edge Workspace
2026-06-12 12:03:02.691: [INFO][Sync] All data types are ready for configure.
2026-06-12 12:03:03.706: [INFO][Sync] Started DataTypeManager configuration, reason: 5
2026-06-12 12:03:03.706: [INFO][Sync] Configuring for: Bookmarks, Preferences, Passwords, Autofill Profiles, Autofill, Extensions, Sessions, Extension settings, History Delete Directives, Device Info, User Consents, Send Tab To Self, Web Apps, History, Saved Tab Group, WebAuthn Credentials, Edge E Drop, Edge Hub App Usage, Edge Wallet, Edge Workspace, Encryption Keys, reason: 5, current state: 1
2026-06-12 12:03:03.732: [INFO][SyncEngineBackend::DoStartConfiguration] Start configuration
2026-06-12 12:03:03.732: [INFO][SyncManagerImpl::NudgeForInitialDownload] Initial download nudge for Preferences
2026-06-12 12:03:03.732: [INFO][SyncManagerImpl::NudgeForInitialDownload] Initial download nudge for Extensions
2026-06-12 12:03:03.732: [INFO][SyncManagerImpl::NudgeForInitialDownload] Initial download nudge for Sessions
2026-06-12 12:03:03.732: [INFO][SyncManagerImpl::NudgeForInitialDownload] Initial download nudge for Extension settings
2026-06-12 12:03:03.732: [INFO][SyncManagerImpl::NudgeForInitialDownload] Initial download nudge for History Delete Directives
2026-06-12 12:03:03.732: [INFO][SyncManagerImpl::NudgeForInitialDownload] Initial download nudge for Device Info
2026-06-12 12:03:03.732: [INFO][SyncManagerImpl::NudgeForInitialDownload] Initial download nudge for Send Tab To Self
2026-06-12 12:03:03.732: [INFO][SyncManagerImpl::NudgeForInitialDownload] Initial download nudge for Web Apps
2026-06-12 12:03:03.732: [INFO][SyncManagerImpl::NudgeForInitialDownload] Initial download nudge for Saved Tab Group
2026-06-12 12:03:03.732: [INFO][SyncManagerImpl::NudgeForInitialDownload] Initial download nudge for WebAuthn Credentials
2026-06-12 12:03:03.732: [INFO][SyncManagerImpl::NudgeForInitialDownload] Initial download nudge for Edge E Drop
2026-06-12 12:03:03.732: [INFO][SyncManagerImpl::NudgeForInitialDownload] Initial download nudge for Edge Hub App Usage
2026-06-12 12:03:03.732: [INFO][SyncManagerImpl::NudgeForInitialDownload] Initial download nudge for Edge Wallet
2026-06-12 12:03:03.732: [INFO][SyncManagerImpl::NudgeForInitialDownload] Initial download nudge for Edge Workspace
2026-06-12 12:03:03.732: [INFO][SyncManagerImpl::ConfigureSyncer] Types to download:  with reason: 4
2026-06-12 12:03:03.732: [INFO][SyncEngineBackend::DoFinishConfigureDataTypes] Failed to download types:  and succeeded types: 
2026-06-12 12:03:03.732: [INFO][Sync] ConfigurationDone, failed: , succeeded: , remaining count: 4
2026-06-12 12:03:03.732: [WARN][Sync]     Reconfigure requested while configuration ongoing.
2026-06-12 12:03:03.732: [INFO][Sync] Configuring for: Bookmarks, Preferences, Passwords, Autofill Profiles, Autofill, Extensions, Sessions, Extension settings, History Delete Directives, Device Info, User Consents, Send Tab To Self, Web Apps, History, Saved Tab Group, WebAuthn Credentials, Edge E Drop, Edge Hub App Usage, Edge Wallet, Edge Workspace, Encryption Keys, reason: 5, current state: 2
2026-06-12 12:03:03.732: [INFO][Sync] Configure, desired: Bookmarks, Preferences, Passwords, Autofill Profiles, Autofill, Extensions, Sessions, Extension settings, History Delete Directives, Device Info, User Consents, Send Tab To Self, Web Apps, History, Saved Tab Group, WebAuthn Credentials, Edge E Drop, Edge Hub App Usage, Edge Wallet, Edge Workspace, Encryption Keys; Allow fail: 
2026-06-12 12:03:03.733: [INFO][Sync] Loading: Passwords
2026-06-12 12:03:03.733: [INFO][Sync] Loading: Autofill Profiles
2026-06-12 12:03:03.733: [INFO][Sync] Loading: Autofill
2026-06-12 12:03:03.733: [INFO][Sync] All data types are ready for configure.
2026-06-12 12:03:03.733: [INFO][SyncManagerImpl::NudgeForInitialDownload] Initial download nudge for Passwords
2026-06-12 12:03:03.733: [INFO][SyncManagerImpl::NudgeForInitialDownload] Initial download nudge for Autofill Profiles
2026-06-12 12:03:03.733: [INFO][SyncManagerImpl::NudgeForInitialDownload] Initial download nudge for Autofill
2026-06-12 12:03:03.733: [INFO][SyncManagerImpl::ConfigureSyncer] Types to download:  with reason: 5
2026-06-12 12:03:03.733: [INFO][SyncEngineBackend::DoFinishConfigureDataTypes] Failed to download types:  and succeeded types: 
2026-06-12 12:03:03.733: [INFO][Sync] ConfigurationDone, failed: , succeeded: , remaining count: 4
2026-06-12 12:03:03.733: [INFO][Sync] Prepare to configure types: Preferences, Passwords, Device Info, Send Tab To Self, Edge E Drop, Encryption Keys
2026-06-12 12:03:03.733: [INFO][SyncManagerImpl::ConfigureSyncer] Types to download: Preferences, Passwords, Device Info, Send Tab To Self, Edge E Drop, Encryption Keys with reason: 5
2026-06-12 12:03:03.733: [INFO][SyncSchedulerImpl::DoConfigurationSyncCycleJob] Blocked types:  and types to download: Preferences, Passwords, Device Info, Send Tab To Self, Edge E Drop, Encryption Keys
2026-06-12 12:03:04.417: [INFO][SyncEngineBackend::DoFinishConfigureDataTypes] Failed to download types:  and succeeded types: Preferences, Passwords, Device Info, Send Tab To Self, Edge E Drop, Encryption Keys
2026-06-12 12:03:04.424: [INFO][Sync] ConfigurationDone, failed: , succeeded: Preferences, Passwords, Device Info, Send Tab To Self, Edge E Drop, Encryption Keys, remaining count: 3
2026-06-12 12:03:04.424: [INFO][SyncManagerImpl::ConfigureSyncer] Types to download:  with reason: 5
2026-06-12 12:03:04.424: [INFO][SyncEngineBackend::DoFinishConfigureDataTypes] Failed to download types:  and succeeded types: 
2026-06-12 12:03:04.432: [INFO][Sync] ConfigurationDone, failed: , succeeded: , remaining count: 2
2026-06-12 12:03:04.432: [INFO][Sync] Prepare to configure types: Autofill Profiles, Autofill, Extensions, Sessions, Extension settings, History Delete Directives, Web Apps, Saved Tab Group, WebAuthn Credentials, Edge Hub App Usage, Edge Wallet, Edge Workspace, Encryption Keys
2026-06-12 12:03:04.432: [INFO][SyncManagerImpl::ConfigureSyncer] Types to download: Autofill Profiles, Autofill, Extensions, Sessions, Extension settings, History Delete Directives, Web Apps, Saved Tab Group, WebAuthn Credentials, Edge Hub App Usage, Edge Wallet, Edge Workspace, Encryption Keys with reason: 5
2026-06-12 12:03:04.432: [INFO][SyncSchedulerImpl::DoConfigurationSyncCycleJob] Blocked types:  and types to download: Autofill Profiles, Autofill, Extensions, Sessions, Extension settings, History Delete Directives, Web Apps, Saved Tab Group, WebAuthn Credentials, Edge Hub App Usage, Edge Wallet, Edge Workspace, Encryption Keys
2026-06-12 12:03:05.278: [INFO][SyncEngineBackend::DoFinishConfigureDataTypes] Failed to download types:  and succeeded types: Autofill Profiles, Autofill, Extensions, Sessions, Extension settings, History Delete Directives, Web Apps, Saved Tab Group, WebAuthn Credentials, Edge Hub App Usage, Edge Wallet, Edge Workspace, Encryption Keys
2026-06-12 12:03:05.284: [INFO][Sync] ConfigurationDone, failed: , succeeded: Autofill Profiles, Autofill, Extensions, Sessions, Extension settings, History Delete Directives, Web Apps, Saved Tab Group, WebAuthn Credentials, Edge Hub App Usage, Edge Wallet, Edge Workspace, Encryption Keys, remaining count: 1
2026-06-12 12:03:05.289: [INFO][SyncManagerImpl::ConfigureSyncer] Types to download:  with reason: 5
2026-06-12 12:03:05.289: [INFO][SyncEngineBackend::DoFinishConfigureDataTypes] Failed to download types:  and succeeded types: 
2026-06-12 12:03:05.289: [INFO][Sync] ConfigurationDone, failed: , succeeded: , remaining count: 0
2026-06-12 12:03:05.295: [INFO][Sync]     Configuration completed, state: 7
2026-06-12 12:03:05.295: [INFO][Sync] Configured DataTypeManager: Ok
2026-06-12 12:03:05.301: [INFO][SyncEngineBackend::DoStartSyncing] Start syncing
2026-06-12 12:41:24.150: [INFO][Sync] Connection status changed to: 2
2026-06-12 12:41:24.150: [INFO][SyncSchedulerImpl::OnSyncNetworkError] Syncer error: HTTP error (401)
2026-06-12 12:41:24.151: [INFO][Commit::ReportFullCommitFailure] Commit Autofill Profiles, Sessions failed with error: AuthError
2026-06-12 12:41:24.151: [INFO][SyncSchedulerImpl::DoNudgeSyncCycleJob] Syncer error: HTTP error (401)
2026-06-12 12:41:24.164: [WARN][Sync] NetworkError: HTTP error (401)
2026-06-12 12:41:25.509: [INFO][SyncAuthManager::SetLastAuthError] Current auth error: None
2026-06-12 12:41:25.509: [INFO][SyncAuthManager::EdgeLogTokenErrorState] Token error with: None for account type: MSA
2026-06-12 12:41:25.509: [INFO][Sync] Credentials changed for: EdgeSyncKeyDataScope
2026-06-12 12:41:25.509: [INFO][SyncEngineBackend::DoUpdateKeyDataCredentials] Update key data credentials
2026-06-12 12:41:26.599: [INFO][SyncAuthManager::SetLastAuthError] Current auth error: None
2026-06-12 12:41:26.599: [INFO][SyncAuthManager::EdgeLogTokenErrorState] Token error with: None for account type: MSA
2026-06-12 12:41:26.599: [INFO][Sync] Credentials changed for: EdgeSyncScopeNew
2026-06-12 12:41:26.599: [INFO][SyncEngineBackend::DoUpdateCredentials] Update credentials
2026-06-12 12:41:27.321: [INFO][SyncEngineBackend::DoUpdateKeyDataCredentials] Update key data credentials
2026-06-12 13:14:35.843: [INFO][Sync] Reset engine, reason: 0
2026-06-12 13:14:35.844: [INFO][Sync] Reset engine with reason: 0
2026-06-12 13:17:06.047: [INFO][Sync] Reset engine, reason: 8
2026-06-12 13:17:06.047: [INFO][Sync] Stopped: Bookmarks
2026-06-12 13:17:06.047: [INFO][Sync] Stopped: Preferences
2026-06-12 13:17:06.047: [INFO][Sync] Stopped: Passwords
2026-06-12 13:17:06.047: [INFO][Sync] Stopped: Autofill Profiles
2026-06-12 13:17:06.047: [INFO][Sync] Stopped: Autofill
2026-06-12 13:17:06.047: [INFO][Sync] Stopped: Extensions
2026-06-12 13:17:06.047: [INFO][Sync] Stopped: Sessions
2026-06-12 13:17:06.047: [INFO][Sync] Stopped: Extension settings
2026-06-12 13:17:06.047: [INFO][Sync] Stopped: History Delete Directives
2026-06-12 13:17:06.047: [INFO][Sync] Stopped: Device Info
2026-06-12 13:17:06.047: [INFO][Sync] Stopped: User Consents
2026-06-12 13:17:06.047: [INFO][Sync] Stopped: Send Tab To Self
2026-06-12 13:17:06.047: [INFO][Sync] Stopped: Web Apps
2026-06-12 13:17:06.047: [INFO][Sync] Stopped: History
2026-06-12 13:17:06.047: [INFO][Sync] Stopped: Saved Tab Group
2026-06-12 13:17:06.047: [INFO][Sync] Stopped: WebAuthn Credentials
2026-06-12 13:17:06.047: [INFO][Sync] Stopped: Edge E Drop
2026-06-12 13:17:06.047: [INFO][Sync] Stopped: Edge Hub App Usage
2026-06-12 13:17:06.047: [INFO][Sync] Stopped: Edge Journey
2026-06-12 13:17:06.047: [INFO][Sync] Stopped: Edge Wallet
2026-06-12 13:17:06.047: [INFO][Sync] Stopped: Edge Workspace
2026-06-12 13:17:06.047: [INFO][Sync] SyncState after authenticated was: NotSignedIn
2026-06-12 13:17:06.313: [INFO][Sync] Reset engine, reason: 8
2026-06-12 13:17:06.313: [INFO][Sync] Stopped: Bookmarks
2026-06-12 13:17:06.313: [INFO][Sync] Stopped: Preferences
2026-06-12 13:17:06.313: [INFO][Sync] Stopped: Passwords
2026-06-12 13:17:06.313: [INFO][Sync] Stopped: Autofill Profiles
2026-06-12 13:17:06.313: [INFO][Sync] Stopped: Autofill
2026-06-12 13:17:06.313: [INFO][Sync] Stopped: Extensions
2026-06-12 13:17:06.313: [INFO][Sync] Stopped: Sessions
2026-06-12 13:17:06.313: [INFO][Sync] Stopped: Extension settings
2026-06-12 13:17:06.313: [INFO][Sync] Stopped: History Delete Directives
2026-06-12 13:17:06.313: [INFO][Sync] Stopped: Device Info
2026-06-12 13:17:06.313: [INFO][Sync] Stopped: User Consents
2026-06-12 13:17:06.313: [INFO][Sync] Stopped: Send Tab To Self
2026-06-12 13:17:06.313: [INFO][Sync] Stopped: Web Apps
2026-06-12 13:17:06.313: [INFO][Sync] Stopped: History
2026-06-12 13:17:06.313: [INFO][Sync] Stopped: Saved Tab Group
2026-06-12 13:17:06.313: [INFO][Sync] Stopped: WebAuthn Credentials
2026-06-12 13:17:06.313: [INFO][Sync] Stopped: Edge E Drop
2026-06-12 13:17:06.313: [INFO][Sync] Stopped: Edge Hub App Usage
2026-06-12 13:17:06.313: [INFO][Sync] Stopped: Edge Journey
2026-06-12 13:17:06.313: [INFO][Sync] Stopped: Edge Wallet
2026-06-12 13:17:06.313: [INFO][Sync] Stopped: Edge Workspace
2026-06-12 13:17:08.781: [INFO][Sync] Try to start sync engine
2026-06-12 13:17:08.784: [INFO][SyncManagerImpl::NudgeForInitialDownload] Initial download nudge for Encryption Keys
2026-06-12 13:17:08.784: [INFO][SyncEngineBackend::LoadAndConnectNigoriController] Load and connect Nigori controller
2026-06-12 13:17:08.784: [INFO][SyncEngineBackend::DoInitialize] Control Types added: Encryption Keys
2026-06-12 13:17:08.784: [INFO][SyncManagerImpl::ConfigureSyncer] Types to download: Encryption Keys with reason: 3
2026-06-12 13:17:08.784: [INFO][SyncSchedulerImpl::DoConfigurationSyncCycleJob] Configure job was blocked
2026-06-12 13:17:09.010: [INFO][SyncAuthManager::SetLastAuthError] Current auth error: None
2026-06-12 13:17:09.010: [INFO][SyncAuthManager::EdgeLogTokenErrorState] Token error with: None for account type: MSA
2026-06-12 13:17:09.010: [INFO][Sync] Credentials changed for: EdgeSyncScopeNew
2026-06-12 13:17:10.210: [INFO][SyncAuthManager::SetLastAuthError] Current auth error: None
2026-06-12 13:17:10.211: [INFO][SyncAuthManager::EdgeLogTokenErrorState] Token error with: None for account type: MSA
2026-06-12 13:17:10.211: [INFO][Sync] Credentials changed for: EdgeSyncKeyDataScope
2026-06-12 13:17:10.211: [INFO][SyncEngineBackend::DoUpdateKeyDataCredentials] Update key data credentials
2026-06-12 13:17:10.211: [INFO][SyncEngineBackend::DoUpdateCredentials] Update credentials
2026-06-12 13:17:10.211: [INFO][SyncSchedulerImpl::DoConfigurationSyncCycleJob] Blocked types:  and types to download: Encryption Keys
2026-06-12 13:17:10.994: [INFO][Sync] Started DataTypeManager configuration, reason: 4
2026-06-12 13:17:10.994: [INFO][Sync] Configuring for: Bookmarks, Preferences, Passwords, Autofill Profiles, Autofill, Extensions, Sessions, Extension settings, History Delete Directives, Device Info, User Consents, Send Tab To Self, Web Apps, History, Saved Tab Group, WebAuthn Credentials, Edge E Drop, Edge Hub App Usage, Edge Wallet, Edge Workspace, Encryption Keys, reason: 4, current state: 0
2026-06-12 13:17:10.994: [WARN][Sync] Crypto error data types: Passwords, Autofill Profiles, Autofill
2026-06-12 13:17:10.999: [INFO][Sync] Configure, desired: Bookmarks, Preferences, Extensions, Sessions, Extension settings, History Delete Directives, Device Info, User Consents, Send Tab To Self, Web Apps, History, Saved Tab Group, WebAuthn Credentials, Edge E Drop, Edge Hub App Usage, Edge Wallet, Edge Workspace, Encryption Keys; Allow fail: Passwords, Autofill Profiles, Autofill
2026-06-12 13:17:10.999: [INFO][Sync] Loading: Bookmarks
2026-06-12 13:17:10.999: [INFO][Sync] Loading: Preferences
2026-06-12 13:17:10.999: [INFO][Sync] Loading: Extensions
2026-06-12 13:17:10.999: [INFO][Sync] Loading: Sessions
2026-06-12 13:17:10.999: [INFO][Sync] Loading: Extension settings
2026-06-12 13:17:10.999: [INFO][Sync] Loading: History Delete Directives
2026-06-12 13:17:10.999: [INFO][Sync] Loading: Device Info
2026-06-12 13:17:10.999: [INFO][Sync] Loading: User Consents
2026-06-12 13:17:10.999: [INFO][Sync] Loading: Send Tab To Self
2026-06-12 13:17:10.999: [INFO][Sync] Loading: Web Apps
2026-06-12 13:17:10.999: [INFO][Sync] Loading: History
2026-06-12 13:17:10.999: [INFO][Sync] Loading: Saved Tab Group
2026-06-12 13:17:10.999: [INFO][Sync] Loading: WebAuthn Credentials
2026-06-12 13:17:10.999: [INFO][Sync] Loading: Edge E Drop
2026-06-12 13:17:10.999: [INFO][Sync] Loading: Edge Hub App Usage
2026-06-12 13:17:10.999: [INFO][Sync] Loading: Edge Wallet
2026-06-12 13:17:10.999: [INFO][Sync] Loading: Edge Workspace
2026-06-12 13:17:11.007: [INFO][Sync] All data types are ready for configure.
2026-06-12 13:17:12.282: [INFO][Sync] Started DataTypeManager configuration, reason: 5
2026-06-12 13:17:12.282: [INFO][Sync] Configuring for: Bookmarks, Preferences, Passwords, Autofill Profiles, Autofill, Extensions, Sessions, Extension settings, History Delete Directives, Device Info, User Consents, Send Tab To Self, Web Apps, History, Saved Tab Group, WebAuthn Credentials, Edge E Drop, Edge Hub App Usage, Edge Wallet, Edge Workspace, Encryption Keys, reason: 5, current state: 1
2026-06-12 13:17:12.294: [INFO][SyncEngineBackend::DoStartConfiguration] Start configuration
2026-06-12 13:17:12.294: [INFO][SyncManagerImpl::NudgeForInitialDownload] Initial download nudge for Bookmarks
2026-06-12 13:17:12.294: [INFO][SyncManagerImpl::NudgeForInitialDownload] Initial download nudge for Preferences
2026-06-12 13:17:12.294: [INFO][SyncManagerImpl::NudgeForInitialDownload] Initial download nudge for Extensions
2026-06-12 13:17:12.294: [INFO][SyncManagerImpl::NudgeForInitialDownload] Initial download nudge for Sessions
2026-06-12 13:17:12.294: [INFO][SyncManagerImpl::NudgeForInitialDownload] Initial download nudge for Extension settings
2026-06-12 13:17:12.294: [INFO][SyncManagerImpl::NudgeForInitialDownload] Initial download nudge for History Delete Directives
2026-06-12 13:17:12.294: [INFO][SyncManagerImpl::NudgeForInitialDownload] Initial download nudge for Device Info
2026-06-12 13:17:12.294: [INFO][SyncManagerImpl::NudgeForInitialDownload] Initial download nudge for Send Tab To Self
2026-06-12 13:17:12.294: [INFO][SyncManagerImpl::NudgeForInitialDownload] Initial download nudge for Web Apps
2026-06-12 13:17:12.294: [INFO][SyncManagerImpl::NudgeForInitialDownload] Initial download nudge for History
2026-06-12 13:17:12.294: [INFO][SyncManagerImpl::NudgeForInitialDownload] Initial download nudge for Saved Tab Group
2026-06-12 13:17:12.294: [INFO][SyncManagerImpl::NudgeForInitialDownload] Initial download nudge for WebAuthn Credentials
2026-06-12 13:17:12.294: [INFO][SyncManagerImpl::NudgeForInitialDownload] Initial download nudge for Edge E Drop
2026-06-12 13:17:12.294: [INFO][SyncManagerImpl::NudgeForInitialDownload] Initial download nudge for Edge Hub App Usage
2026-06-12 13:17:12.294: [INFO][SyncManagerImpl::NudgeForInitialDownload] Initial download nudge for Edge Wallet
2026-06-12 13:17:12.294: [INFO][SyncManagerImpl::NudgeForInitialDownload] Initial download nudge for Edge Workspace
2026-06-12 13:17:12.294: [INFO][SyncManagerImpl::ConfigureSyncer] Types to download:  with reason: 4
2026-06-12 13:17:12.294: [INFO][SyncEngineBackend::DoFinishConfigureDataTypes] Failed to download types:  and succeeded types: 
2026-06-12 13:17:12.294: [INFO][Sync] ConfigurationDone, failed: , succeeded: , remaining count: 4
2026-06-12 13:17:12.294: [WARN][Sync]     Reconfigure requested while configuration ongoing.
2026-06-12 13:17:12.294: [INFO][Sync] Configuring for: Bookmarks, Preferences, Passwords, Autofill Profiles, Autofill, Extensions, Sessions, Extension settings, History Delete Directives, Device Info, User Consents, Send Tab To Self, Web Apps, History, Saved Tab Group, WebAuthn Credentials, Edge E Drop, Edge Hub App Usage, Edge Wallet, Edge Workspace, Encryption Keys, reason: 5, current state: 2
2026-06-12 13:17:12.295: [INFO][Sync] Configure, desired: Bookmarks, Preferences, Passwords, Autofill Profiles, Autofill, Extensions, Sessions, Extension settings, History Delete Directives, Device Info, User Consents, Send Tab To Self, Web Apps, History, Saved Tab Group, WebAuthn Credentials, Edge E Drop, Edge Hub App Usage, Edge Wallet, Edge Workspace, Encryption Keys; Allow fail: 
2026-06-12 13:17:12.295: [INFO][Sync] Loading: Passwords
2026-06-12 13:17:12.295: [INFO][Sync] Loading: Autofill Profiles
2026-06-12 13:17:12.295: [INFO][Sync] Loading: Autofill
2026-06-12 13:17:12.295: [INFO][Sync] All data types are ready for configure.
2026-06-12 13:17:12.295: [INFO][SyncManagerImpl::NudgeForInitialDownload] Initial download nudge for Passwords
2026-06-12 13:17:12.295: [INFO][SyncManagerImpl::NudgeForInitialDownload] Initial download nudge for Autofill Profiles
2026-06-12 13:17:12.295: [INFO][SyncManagerImpl::NudgeForInitialDownload] Initial download nudge for Autofill
2026-06-12 13:17:12.295: [INFO][SyncManagerImpl::ConfigureSyncer] Types to download:  with reason: 5
2026-06-12 13:17:12.295: [INFO][SyncEngineBackend::DoFinishConfigureDataTypes] Failed to download types:  and succeeded types: 
2026-06-12 13:17:12.295: [INFO][Sync] ConfigurationDone, failed: , succeeded: , remaining count: 4
2026-06-12 13:17:12.295: [INFO][Sync] Prepare to configure types: Preferences, Passwords, Device Info, Send Tab To Self, Edge E Drop, Encryption Keys
2026-06-12 13:17:12.295: [INFO][SyncManagerImpl::ConfigureSyncer] Types to download: Preferences, Passwords, Device Info, Send Tab To Self, Edge E Drop, Encryption Keys with reason: 5
2026-06-12 13:17:12.295: [INFO][SyncSchedulerImpl::DoConfigurationSyncCycleJob] Blocked types:  and types to download: Preferences, Passwords, Device Info, Send Tab To Self, Edge E Drop, Encryption Keys
2026-06-12 13:17:13.716: [INFO][SyncEngineBackend::DoFinishConfigureDataTypes] Failed to download types:  and succeeded types: Preferences, Passwords, Device Info, Send Tab To Self, Edge E Drop, Encryption Keys
2026-06-12 13:17:13.723: [INFO][Sync] ConfigurationDone, failed: , succeeded: Preferences, Passwords, Device Info, Send Tab To Self, Edge E Drop, Encryption Keys, remaining count: 3
2026-06-12 13:17:13.723: [INFO][Sync] Prepare to configure types: Bookmarks, Encryption Keys
2026-06-12 13:17:13.723: [INFO][SyncManagerImpl::ConfigureSyncer] Types to download: Bookmarks, Encryption Keys with reason: 5
2026-06-12 13:17:13.723: [INFO][SyncSchedulerImpl::DoConfigurationSyncCycleJob] Blocked types:  and types to download: Bookmarks, Encryption Keys
2026-06-12 13:17:14.027: [INFO][SyncEngineBackend::DoFinishConfigureDataTypes] Failed to download types:  and succeeded types: Bookmarks, Encryption Keys
2026-06-12 13:17:14.034: [INFO][Sync] ConfigurationDone, failed: , succeeded: Bookmarks, Encryption Keys, remaining count: 2
2026-06-12 13:17:14.034: [INFO][Sync] Prepare to configure types: Autofill Profiles, Autofill, Extensions, Sessions, Extension settings, History Delete Directives, Web Apps, Saved Tab Group, WebAuthn Credentials, Edge Hub App Usage, Edge Wallet, Edge Workspace, Encryption Keys
2026-06-12 13:17:14.034: [INFO][SyncManagerImpl::ConfigureSyncer] Types to download: Autofill Profiles, Autofill, Extensions, Sessions, Extension settings, History Delete Directives, Web Apps, Saved Tab Group, WebAuthn Credentials, Edge Hub App Usage, Edge Wallet, Edge Workspace, Encryption Keys with reason: 5
2026-06-12 13:17:14.034: [INFO][SyncSchedulerImpl::DoConfigurationSyncCycleJob] Blocked types:  and types to download: Autofill Profiles, Autofill, Extensions, Sessions, Extension settings, History Delete Directives, Web Apps, Saved Tab Group, WebAuthn Credentials, Edge Hub App Usage, Edge Wallet, Edge Workspace, Encryption Keys
2026-06-12 13:17:14.718: [INFO][SyncEngineBackend::DoFinishConfigureDataTypes] Failed to download types:  and succeeded types: Autofill Profiles, Autofill, Extensions, Sessions, Extension settings, History Delete Directives, Web Apps, Saved Tab Group, WebAuthn Credentials, Edge Hub App Usage, Edge Wallet, Edge Workspace, Encryption Keys
2026-06-12 13:17:14.724: [INFO][Sync] ConfigurationDone, failed: , succeeded: Autofill Profiles, Autofill, Extensions, Sessions, Extension settings, History Delete Directives, Web Apps, Saved Tab Group, WebAuthn Credentials, Edge Hub App Usage, Edge Wallet, Edge Workspace, Encryption Keys, remaining count: 1
2026-06-12 13:17:14.732: [INFO][Sync] Prepare to configure types: History, Encryption Keys
2026-06-12 13:17:14.732: [INFO][SyncManagerImpl::ConfigureSyncer] Types to download: History, Encryption Keys with reason: 5
2026-06-12 13:17:14.732: [INFO][SyncSchedulerImpl::DoConfigurationSyncCycleJob] Blocked types:  and types to download: History, Encryption Keys
2026-06-12 13:17:15.098: [INFO][SyncEngineBackend::DoFinishConfigureDataTypes] Failed to download types:  and succeeded types: History, Encryption Keys
2026-06-12 13:17:15.105: [INFO][Sync] ConfigurationDone, failed: , succeeded: History, Encryption Keys, remaining count: 0
2026-06-12 13:17:15.113: [INFO][Sync]     Configuration completed, state: 7
2026-06-12 13:17:15.113: [INFO][Sync] Configured DataTypeManager: Ok
2026-06-12 13:17:15.121: [INFO][SyncEngineBackend::DoStartSyncing] Start syncing
2026-06-12 13:32:59.252: [INFO][Sync] Reset engine, reason: 0
2026-06-12 13:32:59.252: [INFO][Sync] Reset engine with reason: 0
2026-06-12 13:33:32.768: [INFO][Sync] SyncState after authenticated was: FeatureCanStart
2026-06-12 13:33:35.122: [INFO][SyncAuthManager::SetLastAuthError] Current auth error: None
2026-06-12 13:33:35.122: [INFO][SyncAuthManager::EdgeLogTokenErrorState] Token error with: None for account type: MSA
2026-06-12 13:33:35.122: [INFO][Sync] Credentials changed for: EdgeSyncKeyDataScope
2026-06-12 13:33:42.931: [INFO][Sync] Try to start sync engine
2026-06-12 13:33:42.932: [INFO][SyncManagerImpl::NudgeForInitialDownload] Initial download nudge for Encryption Keys
2026-06-12 13:33:42.932: [INFO][SyncEngineBackend::LoadAndConnectNigoriController] Load and connect Nigori controller
2026-06-12 13:33:42.932: [INFO][SyncEngineBackend::DoInitialize] Control Types added: Encryption Keys
2026-06-12 13:33:42.932: [INFO][SyncManagerImpl::ConfigureSyncer] Types to download: Encryption Keys with reason: 3
2026-06-12 13:33:42.932: [INFO][SyncEngineBackend::DoUpdateKeyDataCredentials] Update key data credentials
2026-06-12 13:33:42.932: [INFO][SyncSchedulerImpl::DoConfigurationSyncCycleJob] Configure job was blocked
2026-06-12 13:33:42.941: [INFO][SyncAuthManager::SetLastAuthError] Current auth error: None
2026-06-12 13:33:42.941: [INFO][SyncAuthManager::EdgeLogTokenErrorState] Token error with: None for account type: MSA
2026-06-12 13:33:42.941: [INFO][Sync] Credentials changed for: EdgeSyncScopeNew
2026-06-12 13:33:42.941: [INFO][SyncEngineBackend::DoUpdateCredentials] Update credentials
2026-06-12 13:33:42.941: [INFO][SyncSchedulerImpl::DoConfigurationSyncCycleJob] Blocked types:  and types to download: Encryption Keys
2026-06-12 13:33:43.563: [INFO][SyncEngineBackend::DoUpdateKeyDataCredentials] Update key data credentials
2026-06-12 13:33:43.588: [INFO][Sync] Started DataTypeManager configuration, reason: 4
2026-06-12 13:33:43.589: [INFO][Sync] Configuring for: Bookmarks, Preferences, Passwords, Autofill Profiles, Autofill, Extensions, Sessions, Extension settings, History Delete Directives, Device Info, User Consents, Send Tab To Self, Web Apps, History, Saved Tab Group, WebAuthn Credentials, Edge E Drop, Edge Hub App Usage, Edge Wallet, Edge Workspace, Encryption Keys, reason: 4, current state: 0
2026-06-12 13:33:43.589: [WARN][Sync] Crypto error data types: Passwords, Autofill Profiles, Autofill
2026-06-12 13:33:43.595: [INFO][Sync] Configure, desired: Bookmarks, Preferences, Extensions, Sessions, Extension settings, History Delete Directives, Device Info, User Consents, Send Tab To Self, Web Apps, History, Saved Tab Group, WebAuthn Credentials, Edge E Drop, Edge Hub App Usage, Edge Wallet, Edge Workspace, Encryption Keys; Allow fail: Passwords, Autofill Profiles, Autofill
2026-06-12 13:33:43.595: [INFO][Sync] Loading: Bookmarks
2026-06-12 13:33:43.595: [INFO][Sync] Loading: Preferences
2026-06-12 13:33:43.595: [INFO][Sync] Loading: Extensions
2026-06-12 13:33:43.595: [INFO][Sync] Loading: Sessions
2026-06-12 13:33:43.595: [INFO][Sync] Loading: Extension settings
2026-06-12 13:33:43.595: [INFO][Sync] Loading: History Delete Directives
2026-06-12 13:33:43.595: [INFO][Sync] Loading: Device Info
2026-06-12 13:33:43.595: [INFO][Sync] Loading: User Consents
2026-06-12 13:33:43.595: [INFO][Sync] Loading: Send Tab To Self
2026-06-12 13:33:43.595: [INFO][Sync] Loading: Web Apps
2026-06-12 13:33:43.595: [INFO][Sync] Loading: History
2026-06-12 13:33:43.595: [INFO][Sync] Loading: Saved Tab Group
2026-06-12 13:33:43.595: [INFO][Sync] Loading: WebAuthn Credentials
2026-06-12 13:33:43.595: [INFO][Sync] Loading: Edge E Drop
2026-06-12 13:33:43.595: [INFO][Sync] Loading: Edge Hub App Usage
2026-06-12 13:33:43.595: [INFO][Sync] Loading: Edge Wallet
2026-06-12 13:33:43.595: [INFO][Sync] Loading: Edge Workspace
2026-06-12 13:33:43.610: [INFO][Sync] All data types are ready for configure.
2026-06-12 13:33:44.361: [INFO][Sync] Started DataTypeManager configuration, reason: 5
2026-06-12 13:33:44.361: [INFO][Sync] Configuring for: Bookmarks, Preferences, Passwords, Autofill Profiles, Autofill, Extensions, Sessions, Extension settings, History Delete Directives, Device Info, User Consents, Send Tab To Self, Web Apps, History, Saved Tab Group, WebAuthn Credentials, Edge E Drop, Edge Hub App Usage, Edge Wallet, Edge Workspace, Encryption Keys, reason: 5, current state: 1
2026-06-12 13:33:44.374: [INFO][SyncEngineBackend::DoStartConfiguration] Start configuration
2026-06-12 13:33:44.374: [INFO][SyncManagerImpl::ConfigureSyncer] Types to download:  with reason: 4
2026-06-12 13:33:44.374: [INFO][SyncEngineBackend::DoFinishConfigureDataTypes] Failed to download types:  and succeeded types: 
2026-06-12 13:33:44.375: [INFO][Sync] ConfigurationDone, failed: , succeeded: , remaining count: 4
2026-06-12 13:33:44.375: [WARN][Sync]     Reconfigure requested while configuration ongoing.
2026-06-12 13:33:44.375: [INFO][Sync] Configuring for: Bookmarks, Preferences, Passwords, Autofill Profiles, Autofill, Extensions, Sessions, Extension settings, History Delete Directives, Device Info, User Consents, Send Tab To Self, Web Apps, History, Saved Tab Group, WebAuthn Credentials, Edge E Drop, Edge Hub App Usage, Edge Wallet, Edge Workspace, Encryption Keys, reason: 5, current state: 2
2026-06-12 13:33:44.375: [INFO][Sync] Configure, desired: Bookmarks, Preferences, Passwords, Autofill Profiles, Autofill, Extensions, Sessions, Extension settings, History Delete Directives, Device Info, User Consents, Send Tab To Self, Web Apps, History, Saved Tab Group, WebAuthn Credentials, Edge E Drop, Edge Hub App Usage, Edge Wallet, Edge Workspace, Encryption Keys; Allow fail: 
2026-06-12 13:33:44.375: [INFO][Sync] Loading: Passwords
2026-06-12 13:33:44.375: [INFO][Sync] Loading: Autofill Profiles
2026-06-12 13:33:44.375: [INFO][Sync] Loading: Autofill
2026-06-12 13:33:44.375: [INFO][Sync] All data types are ready for configure.
2026-06-12 13:33:44.375: [INFO][SyncManagerImpl::NudgeForInitialDownload] Initial download nudge for Passwords
2026-06-12 13:33:44.375: [INFO][SyncManagerImpl::ConfigureSyncer] Types to download:  with reason: 5
2026-06-12 13:33:44.375: [INFO][SyncEngineBackend::DoFinishConfigureDataTypes] Failed to download types:  and succeeded types: 
2026-06-12 13:33:44.375: [INFO][Sync] ConfigurationDone, failed: , succeeded: , remaining count: 4
2026-06-12 13:33:44.375: [INFO][Sync] Prepare to configure types: Passwords, Encryption Keys
2026-06-12 13:33:44.375: [INFO][SyncManagerImpl::ConfigureSyncer] Types to download: Passwords, Encryption Keys with reason: 5
2026-06-12 13:33:44.375: [INFO][SyncSchedulerImpl::DoConfigurationSyncCycleJob] Blocked types:  and types to download: Passwords, Encryption Keys
2026-06-12 13:33:44.692: [INFO][SyncEngineBackend::DoFinishConfigureDataTypes] Failed to download types:  and succeeded types: Passwords, Encryption Keys
2026-06-12 13:33:44.699: [INFO][Sync] ConfigurationDone, failed: , succeeded: Passwords, Encryption Keys, remaining count: 3
2026-06-12 13:33:44.699: [INFO][SyncManagerImpl::ConfigureSyncer] Types to download:  with reason: 5
2026-06-12 13:33:44.699: [INFO][SyncEngineBackend::DoFinishConfigureDataTypes] Failed to download types:  and succeeded types: 
2026-06-12 13:33:44.699: [INFO][Sync] ConfigurationDone, failed: , succeeded: , remaining count: 2
2026-06-12 13:33:44.699: [INFO][SyncManagerImpl::ConfigureSyncer] Types to download:  with reason: 5
2026-06-12 13:33:44.699: [INFO][SyncEngineBackend::DoFinishConfigureDataTypes] Failed to download types:  and succeeded types: 
2026-06-12 13:33:44.699: [INFO][Sync] ConfigurationDone, failed: , succeeded: , remaining count: 1
2026-06-12 13:33:44.706: [INFO][SyncManagerImpl::ConfigureSyncer] Types to download:  with reason: 5
2026-06-12 13:33:44.706: [INFO][SyncEngineBackend::DoFinishConfigureDataTypes] Failed to download types:  and succeeded types: 
2026-06-12 13:33:44.706: [INFO][Sync] ConfigurationDone, failed: , succeeded: , remaining count: 0
2026-06-12 13:33:44.716: [INFO][Sync]     Configuration completed, state: 7
2026-06-12 13:33:44.717: [INFO][Sync] Configured DataTypeManager: Ok
2026-06-12 13:33:44.724: [INFO][SyncEngineBackend::DoStartSyncing] Start syncing
2026-06-12 14:20:52.380: [INFO][Sync] Reset engine, reason: 0
2026-06-12 14:20:52.380: [INFO][Sync] Reset engine with reason: 0
2026-06-13 06:48:19.251: [INFO][Sync] Reset engine, reason: 8
2026-06-13 06:48:19.251: [INFO][Sync] Stopped: Bookmarks
2026-06-13 06:48:19.251: [INFO][Sync] Stopped: Preferences
2026-06-13 06:48:19.251: [INFO][Sync] Stopped: Passwords
2026-06-13 06:48:19.251: [INFO][Sync] Stopped: Autofill Profiles
2026-06-13 06:48:19.251: [INFO][Sync] Stopped: Autofill
2026-06-13 06:48:19.251: [INFO][Sync] Stopped: Extensions
2026-06-13 06:48:19.251: [INFO][Sync] Stopped: Sessions
2026-06-13 06:48:19.251: [INFO][Sync] Stopped: Extension settings
2026-06-13 06:48:19.252: [INFO][Sync] Stopped: History Delete Directives
2026-06-13 06:48:19.252: [INFO][Sync] Stopped: Device Info
2026-06-13 06:48:19.252: [INFO][Sync] Stopped: User Consents
2026-06-13 06:48:19.252: [INFO][Sync] Stopped: Send Tab To Self
2026-06-13 06:48:19.252: [INFO][Sync] Stopped: Web Apps
2026-06-13 06:48:19.252: [INFO][Sync] Stopped: History
2026-06-13 06:48:19.252: [INFO][Sync] Stopped: Saved Tab Group
2026-06-13 06:48:19.252: [INFO][Sync] Stopped: WebAuthn Credentials
2026-06-13 06:48:19.252: [INFO][Sync] Stopped: Edge E Drop
2026-06-13 06:48:19.252: [INFO][Sync] Stopped: Edge Hub App Usage
2026-06-13 06:48:19.252: [INFO][Sync] Stopped: Edge Journey
2026-06-13 06:48:19.252: [INFO][Sync] Stopped: Edge Wallet
2026-06-13 06:48:19.252: [INFO][Sync] Stopped: Edge Workspace
2026-06-13 06:48:19.254: [INFO][Sync] SyncState after authenticated was: NotSignedIn
2026-06-13 06:48:19.696: [INFO][Sync] Reset engine, reason: 8
2026-06-13 06:48:19.696: [INFO][Sync] Stopped: Bookmarks
2026-06-13 06:48:19.696: [INFO][Sync] Stopped: Preferences
2026-06-13 06:48:19.696: [INFO][Sync] Stopped: Passwords
2026-06-13 06:48:19.696: [INFO][Sync] Stopped: Autofill Profiles
2026-06-13 06:48:19.696: [INFO][Sync] Stopped: Autofill
2026-06-13 06:48:19.696: [INFO][Sync] Stopped: Extensions
2026-06-13 06:48:19.696: [INFO][Sync] Stopped: Sessions
2026-06-13 06:48:19.696: [INFO][Sync] Stopped: Extension settings
2026-06-13 06:48:19.696: [INFO][Sync] Stopped: History Delete Directives
2026-06-13 06:48:19.696: [INFO][Sync] Stopped: Device Info
2026-06-13 06:48:19.696: [INFO][Sync] Stopped: User Consents
2026-06-13 06:48:19.696: [INFO][Sync] Stopped: Send Tab To Self
2026-06-13 06:48:19.696: [INFO][Sync] Stopped: Web Apps
2026-06-13 06:48:19.696: [INFO][Sync] Stopped: History
2026-06-13 06:48:19.696: [INFO][Sync] Stopped: Saved Tab Group
2026-06-13 06:48:19.696: [INFO][Sync] Stopped: WebAuthn Credentials
2026-06-13 06:48:19.696: [INFO][Sync] Stopped: Edge E Drop
2026-06-13 06:48:19.696: [INFO][Sync] Stopped: Edge Hub App Usage
2026-06-13 06:48:19.696: [INFO][Sync] Stopped: Edge Journey
2026-06-13 06:48:19.696: [INFO][Sync] Stopped: Edge Wallet
2026-06-13 06:48:19.696: [INFO][Sync] Stopped: Edge Workspace
2026-06-13 06:48:23.642: [INFO][Sync] Try to start sync engine
2026-06-13 06:48:23.655: [INFO][SyncManagerImpl::NudgeForInitialDownload] Initial download nudge for Encryption Keys
2026-06-13 06:48:23.655: [INFO][SyncEngineBackend::LoadAndConnectNigoriController] Load and connect Nigori controller
2026-06-13 06:48:23.655: [INFO][SyncEngineBackend::DoInitialize] Control Types added: Encryption Keys
2026-06-13 06:48:23.655: [INFO][SyncManagerImpl::ConfigureSyncer] Types to download: Encryption Keys with reason: 3
2026-06-13 06:48:23.656: [INFO][SyncSchedulerImpl::DoConfigurationSyncCycleJob] Configure job was blocked
2026-06-13 06:48:26.857: [INFO][SyncAuthManager::SetLastAuthError] Current auth error: None
2026-06-13 06:48:26.858: [INFO][SyncAuthManager::EdgeLogTokenErrorState] Token error with: None for account type: MSA
2026-06-13 06:48:26.858: [INFO][Sync] Credentials changed for: EdgeSyncKeyDataScope
2026-06-13 06:48:26.858: [INFO][SyncEngineBackend::DoUpdateKeyDataCredentials] Update key data credentials
2026-06-13 06:48:27.932: [INFO][SyncAuthManager::SetLastAuthError] Current auth error: None
2026-06-13 06:48:27.932: [INFO][SyncAuthManager::EdgeLogTokenErrorState] Token error with: None for account type: MSA
2026-06-13 06:48:27.932: [INFO][Sync] Credentials changed for: EdgeSyncScopeNew
2026-06-13 06:48:27.932: [INFO][SyncEngineBackend::DoUpdateCredentials] Update credentials
2026-06-13 06:48:27.932: [INFO][SyncEngineBackend::DoUpdateKeyDataCredentials] Update key data credentials
2026-06-13 06:48:27.932: [INFO][SyncSchedulerImpl::DoConfigurationSyncCycleJob] Blocked types:  and types to download: Encryption Keys
2026-06-13 06:48:29.424: [INFO][Sync] Started DataTypeManager configuration, reason: 4
2026-06-13 06:48:29.425: [INFO][Sync] Configuring for: Bookmarks, Preferences, Passwords, Autofill Profiles, Autofill, Extensions, Sessions, Extension settings, History Delete Directives, Device Info, User Consents, Send Tab To Self, Web Apps, History, Saved Tab Group, WebAuthn Credentials, Edge E Drop, Edge Hub App Usage, Edge Wallet, Edge Workspace, Encryption Keys, reason: 4, current state: 0
2026-06-13 06:48:29.425: [WARN][Sync] Crypto error data types: Passwords, Autofill Profiles, Autofill
2026-06-13 06:48:29.437: [INFO][Sync] Configure, desired: Bookmarks, Preferences, Extensions, Sessions, Extension settings, History Delete Directives, Device Info, User Consents, Send Tab To Self, Web Apps, History, Saved Tab Group, WebAuthn Credentials, Edge E Drop, Edge Hub App Usage, Edge Wallet, Edge Workspace, Encryption Keys; Allow fail: Passwords, Autofill Profiles, Autofill
2026-06-13 06:48:29.437: [INFO][Sync] Loading: Bookmarks
2026-06-13 06:48:29.437: [INFO][Sync] Loading: Preferences
2026-06-13 06:48:29.437: [INFO][Sync] Loading: Extensions
2026-06-13 06:48:29.438: [INFO][Sync] Loading: Sessions
2026-06-13 06:48:29.438: [INFO][Sync] Loading: Extension settings
2026-06-13 06:48:29.438: [INFO][Sync] Loading: History Delete Directives
2026-06-13 06:48:29.438: [INFO][Sync] Loading: Device Info
2026-06-13 06:48:29.438: [INFO][Sync] Loading: User Consents
2026-06-13 06:48:29.438: [INFO][Sync] Loading: Send Tab To Self
2026-06-13 06:48:29.438: [INFO][Sync] Loading: Web Apps
2026-06-13 06:48:29.438: [INFO][Sync] Loading: History
2026-06-13 06:48:29.438: [INFO][Sync] Loading: Saved Tab Group
2026-06-13 06:48:29.438: [INFO][Sync] Loading: WebAuthn Credentials
2026-06-13 06:48:29.438: [INFO][Sync] Loading: Edge E Drop
2026-06-13 06:48:29.438: [INFO][Sync] Loading: Edge Hub App Usage
2026-06-13 06:48:29.438: [INFO][Sync] Loading: Edge Wallet
2026-06-13 06:48:29.438: [INFO][Sync] Loading: Edge Workspace
2026-06-13 06:48:29.467: [INFO][Sync] All data types are ready for configure.
2026-06-13 06:48:30.999: [INFO][Sync] Started DataTypeManager configuration, reason: 5
2026-06-13 06:48:30.999: [INFO][Sync] Configuring for: Bookmarks, Preferences, Passwords, Autofill Profiles, Autofill, Extensions, Sessions, Extension settings, History Delete Directives, Device Info, User Consents, Send Tab To Self, Web Apps, History, Saved Tab Group, WebAuthn Credentials, Edge E Drop, Edge Hub App Usage, Edge Wallet, Edge Workspace, Encryption Keys, reason: 5, current state: 1
2026-06-13 06:48:31.023: [INFO][SyncEngineBackend::DoStartConfiguration] Start configuration
2026-06-13 06:48:31.023: [INFO][SyncManagerImpl::NudgeForInitialDownload] Initial download nudge for Bookmarks
2026-06-13 06:48:31.023: [INFO][SyncManagerImpl::NudgeForInitialDownload] Initial download nudge for Preferences
2026-06-13 06:48:31.023: [INFO][SyncManagerImpl::NudgeForInitialDownload] Initial download nudge for Extensions
2026-06-13 06:48:31.023: [INFO][SyncManagerImpl::NudgeForInitialDownload] Initial download nudge for Sessions
2026-06-13 06:48:31.023: [INFO][SyncManagerImpl::NudgeForInitialDownload] Initial download nudge for Extension settings
2026-06-13 06:48:31.023: [INFO][SyncManagerImpl::NudgeForInitialDownload] Initial download nudge for History Delete Directives
2026-06-13 06:48:31.023: [INFO][SyncManagerImpl::NudgeForInitialDownload] Initial download nudge for Device Info
2026-06-13 06:48:31.023: [INFO][SyncManagerImpl::NudgeForInitialDownload] Initial download nudge for Send Tab To Self
2026-06-13 06:48:31.023: [INFO][SyncManagerImpl::NudgeForInitialDownload] Initial download nudge for Web Apps
2026-06-13 06:48:31.023: [INFO][SyncManagerImpl::NudgeForInitialDownload] Initial download nudge for History
2026-06-13 06:48:31.024: [INFO][SyncManagerImpl::NudgeForInitialDownload] Initial download nudge for Saved Tab Group
2026-06-13 06:48:31.024: [INFO][SyncManagerImpl::NudgeForInitialDownload] Initial download nudge for WebAuthn Credentials
2026-06-13 06:48:31.024: [INFO][SyncManagerImpl::NudgeForInitialDownload] Initial download nudge for Edge E Drop
2026-06-13 06:48:31.024: [INFO][SyncManagerImpl::NudgeForInitialDownload] Initial download nudge for Edge Hub App Usage
2026-06-13 06:48:31.024: [INFO][SyncManagerImpl::NudgeForInitialDownload] Initial download nudge for Edge Wallet
2026-06-13 06:48:31.024: [INFO][SyncManagerImpl::NudgeForInitialDownload] Initial download nudge for Edge Workspace
2026-06-13 06:48:31.024: [INFO][SyncManagerImpl::ConfigureSyncer] Types to download:  with reason: 4
2026-06-13 06:48:31.024: [INFO][SyncEngineBackend::DoFinishConfigureDataTypes] Failed to download types:  and succeeded types: 
2026-06-13 06:48:31.024: [INFO][Sync] ConfigurationDone, failed: , succeeded: , remaining count: 4
2026-06-13 06:48:31.024: [WARN][Sync]     Reconfigure requested while configuration ongoing.
2026-06-13 06:48:31.024: [INFO][Sync] Configuring for: Bookmarks, Preferences, Passwords, Autofill Profiles, Autofill, Extensions, Sessions, Extension settings, History Delete Directives, Device Info, User Consents, Send Tab To Self, Web Apps, History, Saved Tab Group, WebAuthn Credentials, Edge E Drop, Edge Hub App Usage, Edge Wallet, Edge Workspace, Encryption Keys, reason: 5, current state: 2
2026-06-13 06:48:31.025: [INFO][Sync] Configure, desired: Bookmarks, Preferences, Passwords, Autofill Profiles, Autofill, Extensions, Sessions, Extension settings, History Delete Directives, Device Info, User Consents, Send Tab To Self, Web Apps, History, Saved Tab Group, WebAuthn Credentials, Edge E Drop, Edge Hub App Usage, Edge Wallet, Edge Workspace, Encryption Keys; Allow fail: 
2026-06-13 06:48:31.025: [INFO][Sync] Loading: Passwords
2026-06-13 06:48:31.025: [INFO][Sync] Loading: Autofill Profiles
2026-06-13 06:48:31.025: [INFO][Sync] Loading: Autofill
2026-06-13 06:48:31.025: [INFO][Sync] All data types are ready for configure.
2026-06-13 06:48:31.025: [INFO][SyncManagerImpl::NudgeForInitialDownload] Initial download nudge for Passwords
2026-06-13 06:48:31.025: [INFO][SyncManagerImpl::NudgeForInitialDownload] Initial download nudge for Autofill Profiles
2026-06-13 06:48:31.025: [INFO][SyncManagerImpl::NudgeForInitialDownload] Initial download nudge for Autofill
2026-06-13 06:48:31.025: [INFO][SyncManagerImpl::ConfigureSyncer] Types to download:  with reason: 5
2026-06-13 06:48:31.025: [INFO][SyncEngineBackend::DoFinishConfigureDataTypes] Failed to download types:  and succeeded types: 
2026-06-13 06:48:31.025: [INFO][Sync] ConfigurationDone, failed: , succeeded: , remaining count: 4
2026-06-13 06:48:31.025: [INFO][Sync] Prepare to configure types: Preferences, Passwords, Device Info, Send Tab To Self, Edge E Drop, Encryption Keys
2026-06-13 06:48:31.026: [INFO][SyncManagerImpl::ConfigureSyncer] Types to download: Preferences, Passwords, Device Info, Send Tab To Self, Edge E Drop, Encryption Keys with reason: 5
2026-06-13 06:48:31.026: [INFO][SyncSchedulerImpl::DoConfigurationSyncCycleJob] Blocked types:  and types to download: Preferences, Passwords, Device Info, Send Tab To Self, Edge E Drop, Encryption Keys
2026-06-13 06:48:31.609: [INFO][SyncEngineBackend::DoFinishConfigureDataTypes] Failed to download types:  and succeeded types: Preferences, Passwords, Device Info, Send Tab To Self, Edge E Drop, Encryption Keys
2026-06-13 06:48:31.621: [INFO][Sync] ConfigurationDone, failed: , succeeded: Preferences, Passwords, Device Info, Send Tab To Self, Edge E Drop, Encryption Keys, remaining count: 3
2026-06-13 06:48:31.621: [INFO][Sync] Prepare to configure types: Bookmarks, Encryption Keys
2026-06-13 06:48:31.621: [INFO][SyncManagerImpl::ConfigureSyncer] Types to download: Bookmarks, Encryption Keys with reason: 5
2026-06-13 06:48:31.621: [INFO][SyncSchedulerImpl::DoConfigurationSyncCycleJob] Blocked types:  and types to download: Bookmarks, Encryption Keys
2026-06-13 06:48:32.116: [INFO][SyncEngineBackend::DoFinishConfigureDataTypes] Failed to download types:  and succeeded types: Bookmarks, Encryption Keys
2026-06-13 06:48:32.127: [INFO][Sync] ConfigurationDone, failed: , succeeded: Bookmarks, Encryption Keys, remaining count: 2
2026-06-13 06:48:32.127: [INFO][Sync] Prepare to configure types: Autofill Profiles, Autofill, Extensions, Sessions, Extension settings, History Delete Directives, Web Apps, Saved Tab Group, WebAuthn Credentials, Edge Hub App Usage, Edge Wallet, Edge Workspace, Encryption Keys
2026-06-13 06:48:32.127: [INFO][SyncManagerImpl::ConfigureSyncer] Types to download: Autofill Profiles, Autofill, Extensions, Sessions, Extension settings, History Delete Directives, Web Apps, Saved Tab Group, WebAuthn Credentials, Edge Hub App Usage, Edge Wallet, Edge Workspace, Encryption Keys with reason: 5
2026-06-13 06:48:32.127: [INFO][SyncSchedulerImpl::DoConfigurationSyncCycleJob] Blocked types:  and types to download: Autofill Profiles, Autofill, Extensions, Sessions, Extension settings, History Delete Directives, Web Apps, Saved Tab Group, WebAuthn Credentials, Edge Hub App Usage, Edge Wallet, Edge Workspace, Encryption Keys
2026-06-13 06:48:32.744: [INFO][SyncEngineBackend::DoFinishConfigureDataTypes] Failed to download types:  and succeeded types: Autofill Profiles, Autofill, Extensions, Sessions, Extension settings, History Delete Directives, Web Apps, Saved Tab Group, WebAuthn Credentials, Edge Hub App Usage, Edge Wallet, Edge Workspace, Encryption Keys
2026-06-13 06:48:32.753: [INFO][Sync] ConfigurationDone, failed: , succeeded: Autofill Profiles, Autofill, Extensions, Sessions, Extension settings, History Delete Directives, Web Apps, Saved Tab Group, WebAuthn Credentials, Edge Hub App Usage, Edge Wallet, Edge Workspace, Encryption Keys, remaining count: 1
2026-06-13 06:48:32.762: [INFO][Sync] Prepare to configure types: History, Encryption Keys
2026-06-13 06:48:32.762: [INFO][SyncManagerImpl::ConfigureSyncer] Types to download: History, Encryption Keys with reason: 5
2026-06-13 06:48:32.762: [INFO][SyncSchedulerImpl::DoConfigurationSyncCycleJob] Blocked types:  and types to download: History, Encryption Keys
2026-06-13 06:48:33.376: [INFO][SyncEngineBackend::DoFinishConfigureDataTypes] Failed to download types:  and succeeded types: History, Encryption Keys
2026-06-13 06:48:33.386: [INFO][Sync] ConfigurationDone, failed: , succeeded: History, Encryption Keys, remaining count: 0
2026-06-13 06:48:33.396: [INFO][Sync]     Configuration completed, state: 7
2026-06-13 06:48:33.397: [INFO][Sync] Configured DataTypeManager: Ok
2026-06-13 06:48:33.410: [INFO][SyncEngineBackend::DoStartSyncing] Start syncing
2026-06-13 08:08:46.369: [INFO][Sync] Reset engine, reason: 0
2026-06-13 08:08:46.369: [INFO][Sync] Reset engine with reason: 0
